TpTrace Verbose: 0 : 12196, 1, 2022/04/09, 20:27:04.670, 20553881095, vstest.console.dll, Version: 17.1.0-release-20220113-05
TpTrace Information: 0 : 12196, 1, 2022/04/09, 20:27:04.685, 20553996756, vstest.console.dll, FilePatternParser: The given file C:\Users\USER\Desktop\SocialMedia1\SocialMedia1\SocialMedia1.Tests\bin\Debug\net6.0\fine-code-coverage\build-output\SocialMedia1.Tests.dll is a full path.
TpTrace Verbose: 0 : 12196, 1, 2022/04/09, 20:27:04.691, 20554058687, vstest.console.dll, TestPluginCache.DiscoverTestExtensions: finding test extensions in assemblies ends with: RuntimeProvider.dll TPluginInfo: Microsoft.VisualStudio.TestPlatform.Common.ExtensionFramework.Utilities.TestRuntimePluginInformation TExtension: Microsoft.VisualStudio.TestPlatform.ObjectModel.Host.ITestRuntimeProvider
TpTrace Verbose: 0 : 12196, 1, 2022/04/09, 20:27:04.691, 20554063110, vstest.console.dll, TestPluginCache.GetExtensionPaths: Filtered extension paths: 
TpTrace Verbose: 0 : 12196, 1, 2022/04/09, 20:27:04.692, 20554064486, vstest.console.dll, TestPluginCache.GetExtensionPaths: Added default extension paths: C:\Program Files\dotnet\sdk\6.0.201\Extensions\DumpMinitool.exe
C:\Program Files\dotnet\sdk\6.0.201\Extensions\DumpMinitool.x86.exe
C:\Program Files\dotnet\sdk\6.0.201\Extensions\Microsoft.Diagnostics.NETCore.Client.dll
C:\Program Files\dotnet\sdk\6.0.201\Extensions\Microsoft.TestPlatform.Extensions.BlameDataCollector.dll
C:\Program Files\dotnet\sdk\6.0.201\Extensions\Microsoft.TestPlatform.Extensions.EventLogCollector.dll
C:\Program Files\dotnet\sdk\6.0.201\Extensions\Microsoft.TestPlatform.TestHostRuntimeProvider.dll
C:\Program Files\dotnet\sdk\6.0.201\Extensions\Microsoft.VisualStudio.TestPlatform.Extensions.Html.TestLogger.dll
C:\Program Files\dotnet\sdk\6.0.201\Extensions\Microsoft.VisualStudio.TestPlatform.Extensions.Trx.TestLogger.dll
TpTrace Verbose: 0 : 12196, 1, 2022/04/09, 20:27:04.692, 20554065111, vstest.console.dll, TestPluginCache.GetExtensionPaths: Added unfilterableExtensionPaths: 
TpTrace Information: 0 : 12196, 1, 2022/04/09, 20:27:04.693, 20554073819, vstest.console.dll, AssemblyResolver.ctor: Creating AssemblyResolver with searchDirectories C:\Program Files\dotnet\sdk\6.0.201\Extensions,C:\Program Files\dotnet\sdk\6.0.201
TpTrace Verbose: 0 : 12196, 1, 2022/04/09, 20:27:04.693, 20554081581, vstest.console.dll, TestPluginCache.DiscoverTestExtensions: Discovering the extensions using extension path.
TpTrace Verbose: 0 : 12196, 1, 2022/04/09, 20:27:04.693, 20554083404, vstest.console.dll, TestPluginCache.GetExtensionPaths: Filtered extension paths: 
TpTrace Verbose: 0 : 12196, 1, 2022/04/09, 20:27:04.694, 20554084112, vstest.console.dll, TestPluginCache.GetExtensionPaths: Added default extension paths: C:\Program Files\dotnet\sdk\6.0.201\Extensions\DumpMinitool.exe
C:\Program Files\dotnet\sdk\6.0.201\Extensions\DumpMinitool.x86.exe
C:\Program Files\dotnet\sdk\6.0.201\Extensions\Microsoft.Diagnostics.NETCore.Client.dll
C:\Program Files\dotnet\sdk\6.0.201\Extensions\Microsoft.TestPlatform.Extensions.BlameDataCollector.dll
C:\Program Files\dotnet\sdk\6.0.201\Extensions\Microsoft.TestPlatform.Extensions.EventLogCollector.dll
C:\Program Files\dotnet\sdk\6.0.201\Extensions\Microsoft.TestPlatform.TestHostRuntimeProvider.dll
C:\Program Files\dotnet\sdk\6.0.201\Extensions\Microsoft.VisualStudio.TestPlatform.Extensions.Html.TestLogger.dll
C:\Program Files\dotnet\sdk\6.0.201\Extensions\Microsoft.VisualStudio.TestPlatform.Extensions.Trx.TestLogger.dll
TpTrace Verbose: 0 : 12196, 1, 2022/04/09, 20:27:04.694, 20554085141, vstest.console.dll, TestPluginCache.GetExtensionPaths: Added unfilterableExtensionPaths: 
TpTrace Verbose: 0 : 12196, 1, 2022/04/09, 20:27:04.694, 20554086398, vstest.console.dll, TestPluginCache.DiscoverTestExtensions: Discovering the extensions using allExtensionPaths: C:\Program Files\dotnet\sdk\6.0.201\Extensions\DumpMinitool.exe
C:\Program Files\dotnet\sdk\6.0.201\Extensions\DumpMinitool.x86.exe
C:\Program Files\dotnet\sdk\6.0.201\Extensions\Microsoft.Diagnostics.NETCore.Client.dll
C:\Program Files\dotnet\sdk\6.0.201\Extensions\Microsoft.TestPlatform.Extensions.BlameDataCollector.dll
C:\Program Files\dotnet\sdk\6.0.201\Extensions\Microsoft.TestPlatform.Extensions.EventLogCollector.dll
C:\Program Files\dotnet\sdk\6.0.201\Extensions\Microsoft.TestPlatform.TestHostRuntimeProvider.dll
C:\Program Files\dotnet\sdk\6.0.201\Extensions\Microsoft.VisualStudio.TestPlatform.Extensions.Html.TestLogger.dll
C:\Program Files\dotnet\sdk\6.0.201\Extensions\Microsoft.VisualStudio.TestPlatform.Extensions.Trx.TestLogger.dll
TpTrace Information: 0 : 12196, 1, 2022/04/09, 20:27:04.694, 20554089001, vstest.console.dll, AssemblyResolver.AddSearchDirectories: Adding more searchDirectories C:\Program Files\dotnet\sdk\6.0.201\Extensions,C:\Program Files\dotnet\sdk\6.0.201
TpTrace Information: 0 : 12196, 1, 2022/04/09, 20:27:04.694, 20554089828, vstest.console.dll, AssemblyResolver.AddSearchDirectories: Adding more searchDirectories C:\Program Files\dotnet\sdk\6.0.201\Extensions,C:\Program Files\dotnet\sdk\6.0.201
TpTrace Information: 0 : 12196, 1, 2022/04/09, 20:27:04.694, 20554090596, vstest.console.dll, AssemblyResolver.AddSearchDirectories: Adding more searchDirectories C:\Program Files\dotnet\sdk\6.0.201\Extensions,C:\Program Files\dotnet\sdk\6.0.201
TpTrace Information: 0 : 12196, 1, 2022/04/09, 20:27:04.694, 20554091025, vstest.console.dll, AssemblyResolver.AddSearchDirectories: Adding more searchDirectories C:\Program Files\dotnet\sdk\6.0.201\Extensions,C:\Program Files\dotnet\sdk\6.0.201
TpTrace Information: 0 : 12196, 1, 2022/04/09, 20:27:04.694, 20554091741, vstest.console.dll, AssemblyResolver.AddSearchDirectories: Adding more searchDirectories C:\Program Files\dotnet\sdk\6.0.201\Extensions,C:\Program Files\dotnet\sdk\6.0.201
TpTrace Information: 0 : 12196, 1, 2022/04/09, 20:27:04.694, 20554092460, vstest.console.dll, AssemblyResolver.AddSearchDirectories: Adding more searchDirectories C:\Program Files\dotnet\sdk\6.0.201\Extensions,C:\Program Files\dotnet\sdk\6.0.201
TpTrace Information: 0 : 12196, 1, 2022/04/09, 20:27:04.694, 20554093169, vstest.console.dll, AssemblyResolver.AddSearchDirectories: Adding more searchDirectories C:\Program Files\dotnet\sdk\6.0.201\Extensions,C:\Program Files\dotnet\sdk\6.0.201
TpTrace Information: 0 : 12196, 1, 2022/04/09, 20:27:04.695, 20554095058, vstest.console.dll, AssemblyResolver.AddSearchDirectories: Adding more searchDirectories C:\Program Files\dotnet\sdk\6.0.201\Extensions,C:\Program Files\dotnet\sdk\6.0.201
TpTrace Information: 0 : 12196, 1, 2022/04/09, 20:27:04.695, 20554099496, vstest.console.dll, AssemblyResolver.OnResolve: DumpMinitool: Resolving assembly.
TpTrace Information: 0 : 12196, 1, 2022/04/09, 20:27:04.695, 20554100452, vstest.console.dll, AssemblyResolver.OnResolve: DumpMinitool: Searching in: 'C:\Program Files\dotnet\sdk\6.0.201\Extensions'.
TpTrace Information: 0 : 12196, 1, 2022/04/09, 20:27:04.695, 20554101949, vstest.console.dll, AssemblyResolver.OnResolve: DumpMinitool: Assembly path does not exist: 'C:\Program Files\dotnet\sdk\6.0.201\Extensions\DumpMinitool.dll', returning.
TpTrace Information: 0 : 12196, 1, 2022/04/09, 20:27:04.696, 20554105399, vstest.console.dll, AssemblyResolver.OnResolve: DumpMinitool: Loading assembly 'C:\Program Files\dotnet\sdk\6.0.201\Extensions\DumpMinitool.exe'.
TpTrace Information: 0 : 12196, 1, 2022/04/09, 20:27:04.696, 20554109577, vstest.console.dll, AssemblyResolver.OnResolve: Resolved assembly: DumpMinitool, from path: C:\Program Files\dotnet\sdk\6.0.201\Extensions\DumpMinitool.exe
TpTrace Information: 0 : 12196, 1, 2022/04/09, 20:27:04.700, 20554152210, vstest.console.dll, AssemblyResolver.OnResolve: DumpMinitool.x86: Resolving assembly.
TpTrace Information: 0 : 12196, 1, 2022/04/09, 20:27:04.700, 20554153029, vstest.console.dll, AssemblyResolver.OnResolve: DumpMinitool.x86: Searching in: 'C:\Program Files\dotnet\sdk\6.0.201\Extensions'.
TpTrace Information: 0 : 12196, 1, 2022/04/09, 20:27:04.701, 20554154389, vstest.console.dll, AssemblyResolver.OnResolve: DumpMinitool.x86: Assembly path does not exist: 'C:\Program Files\dotnet\sdk\6.0.201\Extensions\DumpMinitool.x86.dll', returning.
TpTrace Information: 0 : 12196, 1, 2022/04/09, 20:27:04.701, 20554157659, vstest.console.dll, AssemblyResolver.OnResolve: DumpMinitool.x86: Loading assembly 'C:\Program Files\dotnet\sdk\6.0.201\Extensions\DumpMinitool.x86.exe'.
TpTrace Information: 0 : 12196, 1, 2022/04/09, 20:27:04.701, 20554160980, vstest.console.dll, AssemblyResolver.OnResolve: Resolved assembly: DumpMinitool.x86, from path: C:\Program Files\dotnet\sdk\6.0.201\Extensions\DumpMinitool.x86.exe
TpTrace Information: 0 : 12196, 1, 2022/04/09, 20:27:04.702, 20554163749, vstest.console.dll, AssemblyResolver.OnResolve: Microsoft.Diagnostics.NETCore.Client: Resolving assembly.
TpTrace Information: 0 : 12196, 1, 2022/04/09, 20:27:04.702, 20554164369, vstest.console.dll, AssemblyResolver.OnResolve: Microsoft.Diagnostics.NETCore.Client: Searching in: 'C:\Program Files\dotnet\sdk\6.0.201\Extensions'.
TpTrace Information: 0 : 12196, 1, 2022/04/09, 20:27:04.702, 20554166756, vstest.console.dll, AssemblyResolver.OnResolve: Microsoft.Diagnostics.NETCore.Client: Loading assembly 'C:\Program Files\dotnet\sdk\6.0.201\Extensions\Microsoft.Diagnostics.NETCore.Client.dll'.
TpTrace Information: 0 : 12196, 1, 2022/04/09, 20:27:04.702, 20554171027, vstest.console.dll, AssemblyResolver.OnResolve: Resolved assembly: Microsoft.Diagnostics.NETCore.Client, from path: C:\Program Files\dotnet\sdk\6.0.201\Extensions\Microsoft.Diagnostics.NETCore.Client.dll
TpTrace Information: 0 : 12196, 1, 2022/04/09, 20:27:04.705, 20554197815, vstest.console.dll, AssemblyResolver.OnResolve: Microsoft.Bcl.AsyncInterfaces: Resolving assembly.
TpTrace Information: 0 : 12196, 1, 2022/04/09, 20:27:04.705, 20554198914, vstest.console.dll, AssemblyResolver.OnResolve: Microsoft.Bcl.AsyncInterfaces: Searching in: 'C:\Program Files\dotnet\sdk\6.0.201\Extensions'.
TpTrace Information: 0 : 12196, 1, 2022/04/09, 20:27:04.705, 20554199950, vstest.console.dll, AssemblyResolver.OnResolve: Microsoft.Bcl.AsyncInterfaces: Assembly path does not exist: 'C:\Program Files\dotnet\sdk\6.0.201\Extensions\Microsoft.Bcl.AsyncInterfaces.dll', returning.
TpTrace Information: 0 : 12196, 1, 2022/04/09, 20:27:04.705, 20554200787, vstest.console.dll, AssemblyResolver.OnResolve: Microsoft.Bcl.AsyncInterfaces: Assembly path does not exist: 'C:\Program Files\dotnet\sdk\6.0.201\Extensions\Microsoft.Bcl.AsyncInterfaces.exe', returning.
TpTrace Information: 0 : 12196, 1, 2022/04/09, 20:27:04.705, 20554201281, vstest.console.dll, AssemblyResolver.OnResolve: Microsoft.Bcl.AsyncInterfaces: Searching in: 'C:\Program Files\dotnet\sdk\6.0.201'.
TpTrace Information: 0 : 12196, 1, 2022/04/09, 20:27:04.705, 20554202079, vstest.console.dll, AssemblyResolver.OnResolve: Microsoft.Bcl.AsyncInterfaces: Assembly path does not exist: 'C:\Program Files\dotnet\sdk\6.0.201\Microsoft.Bcl.AsyncInterfaces.dll', returning.
TpTrace Information: 0 : 12196, 1, 2022/04/09, 20:27:04.705, 20554202855, vstest.console.dll, AssemblyResolver.OnResolve: Microsoft.Bcl.AsyncInterfaces: Assembly path does not exist: 'C:\Program Files\dotnet\sdk\6.0.201\Microsoft.Bcl.AsyncInterfaces.exe', returning.
TpTrace Information: 0 : 12196, 1, 2022/04/09, 20:27:04.705, 20554203324, vstest.console.dll, AssemblyResolver.OnResolve: Microsoft.Bcl.AsyncInterfaces: Failed to load assembly.
TpTrace Verbose: 0 : 12196, 1, 2022/04/09, 20:27:04.706, 20554203889, vstest.console.dll, CurrentDomainAssemblyResolve: Resolving assembly 'Microsoft.Bcl.AsyncInterfaces'.
TpTrace Information: 0 : 12196, 1, 2022/04/09, 20:27:04.706, 20554204719, vstest.console.dll, AssemblyResolver.OnResolve: Microsoft.Bcl.AsyncInterfaces: Resolving assembly.
TpTrace Information: 0 : 12196, 1, 2022/04/09, 20:27:04.706, 20554205260, vstest.console.dll, AssemblyResolver.OnResolve: Microsoft.Bcl.AsyncInterfaces: Resolved from cache.
TpTrace Verbose: 0 : 12196, 1, 2022/04/09, 20:27:04.706, 20554205717, vstest.console.dll, CurrentDomainAssemblyResolve: Resolving assembly 'Microsoft.Bcl.AsyncInterfaces'.
TpTrace Verbose: 0 : 12196, 1, 2022/04/09, 20:27:04.706, 20554206235, vstest.console.dll, CurrentDomainAssemblyResolve: Failed to resolve assembly 'Microsoft.Bcl.AsyncInterfaces'.
TpTrace Verbose: 0 : 12196, 1, 2022/04/09, 20:27:04.706, 20554210255, vstest.console.dll, CurrentDomainAssemblyResolve: Failed to resolve assembly 'Microsoft.Bcl.AsyncInterfaces'.
TpTrace Warning: 0 : 12196, 1, 2022/04/09, 20:27:04.721, 20554358959, vstest.console.dll, TestPluginDiscoverer: Failed to get types from assembly 'Microsoft.Diagnostics.NETCore.Client, Version=0.2.5.801, Culture=neutral, PublicKeyToken=31bf3856ad364e35'.  Skipping test extension scan for this assembly.  Error: System.Reflection.ReflectionTypeLoadException: Unable to load one or more of the requested types.
Could not load file or assembly 'Microsoft.Bcl.AsyncInterfaces, Version=1.0.0.0, Culture=neutral, PublicKeyToken=cc7b13ffcd2ddd51'. The system cannot find the file specified.
   at System.Reflection.RuntimeModule.GetTypes(RuntimeModule module)
   at System.Reflection.Assembly.GetTypes()
   at Microsoft.VisualStudio.TestPlatform.Common.ExtensionFramework.TestPluginDiscoverer.GetTestExtensionsFromAssembly[TPluginInfo,TExtension](Assembly assembly, Dictionary`2 pluginInfos)
System.IO.FileNotFoundException: Could not load file or assembly 'Microsoft.Bcl.AsyncInterfaces, Version=1.0.0.0, Culture=neutral, PublicKeyToken=cc7b13ffcd2ddd51'. The system cannot find the file specified.
File name: 'Microsoft.Bcl.AsyncInterfaces, Version=1.0.0.0, Culture=neutral, PublicKeyToken=cc7b13ffcd2ddd51'
 ---> System.IO.FileNotFoundException: Could not load file or assembly 'Microsoft.Bcl.AsyncInterfaces, Culture=neutral, PublicKeyToken=null'. The system cannot find the file specified.
File name: 'Microsoft.Bcl.AsyncInterfaces, Culture=neutral, PublicKeyToken=null'
   at System.Reflection.RuntimeAssembly.InternalLoad(ObjectHandleOnStack assemblyName, ObjectHandleOnStack requestingAssembly, StackCrawlMarkHandle stackMark, Boolean throwOnFileNotFound, ObjectHandleOnStack assemblyLoadContext, ObjectHandleOnStack retAssembly)
   at System.Reflection.RuntimeAssembly.InternalLoad(AssemblyName assemblyName, RuntimeAssembly requestingAssembly, StackCrawlMark& stackMark, Boolean throwOnFileNotFound, AssemblyLoadContext assemblyLoadContext)
   at System.Reflection.Assembly.Load(AssemblyName assemblyRef)
   at Microsoft.VisualStudio.TestPlatform.Common.ExtensionFramework.TestPluginCache.CurrentDomainAssemblyResolve(Object sender, AssemblyResolveEventArgs args)
   at Microsoft.VisualStudio.TestPlatform.PlatformAbstractions.PlatformAssemblyResolver.AssemblyResolverEvent(Object sender, Object eventArgs)
   at System.Runtime.Loader.AssemblyLoadContext.GetFirstResolvedAssemblyFromResolvingEvent(AssemblyName assemblyName)
   at System.Runtime.Loader.AssemblyLoadContext.ResolveUsingEvent(AssemblyName assemblyName)
   at System.Runtime.Loader.AssemblyLoadContext.ResolveUsingResolvingEvent(IntPtr gchManagedAssemblyLoadContext, AssemblyName assemblyName)
TpTrace Warning: 0 : 12196, 1, 2022/04/09, 20:27:04.721, 20554362111, vstest.console.dll, LoaderExceptions: System.IO.FileNotFoundException: Could not load file or assembly 'Microsoft.Bcl.AsyncInterfaces, Version=1.0.0.0, Culture=neutral, PublicKeyToken=cc7b13ffcd2ddd51'. The system cannot find the file specified.
File name: 'Microsoft.Bcl.AsyncInterfaces, Version=1.0.0.0, Culture=neutral, PublicKeyToken=cc7b13ffcd2ddd51'
 ---> System.IO.FileNotFoundException: Could not load file or assembly 'Microsoft.Bcl.AsyncInterfaces, Culture=neutral, PublicKeyToken=null'. The system cannot find the file specified.
File name: 'Microsoft.Bcl.AsyncInterfaces, Culture=neutral, PublicKeyToken=null'
   at System.Reflection.RuntimeAssembly.InternalLoad(ObjectHandleOnStack assemblyName, ObjectHandleOnStack requestingAssembly, StackCrawlMarkHandle stackMark, Boolean throwOnFileNotFound, ObjectHandleOnStack assemblyLoadContext, ObjectHandleOnStack retAssembly)
   at System.Reflection.RuntimeAssembly.InternalLoad(AssemblyName assemblyName, RuntimeAssembly requestingAssembly, StackCrawlMark& stackMark, Boolean throwOnFileNotFound, AssemblyLoadContext assemblyLoadContext)
   at System.Reflection.Assembly.Load(AssemblyName assemblyRef)
   at Microsoft.VisualStudio.TestPlatform.Common.ExtensionFramework.TestPluginCache.CurrentDomainAssemblyResolve(Object sender, AssemblyResolveEventArgs args)
   at Microsoft.VisualStudio.TestPlatform.PlatformAbstractions.PlatformAssemblyResolver.AssemblyResolverEvent(Object sender, Object eventArgs)
   at System.Runtime.Loader.AssemblyLoadContext.GetFirstResolvedAssemblyFromResolvingEvent(AssemblyName assemblyName)
   at System.Runtime.Loader.AssemblyLoadContext.ResolveUsingEvent(AssemblyName assemblyName)
   at System.Runtime.Loader.AssemblyLoadContext.ResolveUsingResolvingEvent(IntPtr gchManagedAssemblyLoadContext, AssemblyName assemblyName)
TpTrace Information: 0 : 12196, 1, 2022/04/09, 20:27:04.722, 20554364496, vstest.console.dll, AssemblyResolver.OnResolve: Microsoft.TestPlatform.Extensions.BlameDataCollector: Resolving assembly.
TpTrace Information: 0 : 12196, 1, 2022/04/09, 20:27:04.722, 20554365250, vstest.console.dll, AssemblyResolver.OnResolve: Microsoft.TestPlatform.Extensions.BlameDataCollector: Searching in: 'C:\Program Files\dotnet\sdk\6.0.201\Extensions'.
TpTrace Information: 0 : 12196, 1, 2022/04/09, 20:27:04.722, 20554368671, vstest.console.dll, AssemblyResolver.OnResolve: Microsoft.TestPlatform.Extensions.BlameDataCollector: Loading assembly 'C:\Program Files\dotnet\sdk\6.0.201\Extensions\Microsoft.TestPlatform.Extensions.BlameDataCollector.dll'.
TpTrace Information: 0 : 12196, 1, 2022/04/09, 20:27:04.723, 20554374390, vstest.console.dll, AssemblyResolver.OnResolve: Resolved assembly: Microsoft.TestPlatform.Extensions.BlameDataCollector, from path: C:\Program Files\dotnet\sdk\6.0.201\Extensions\Microsoft.TestPlatform.Extensions.BlameDataCollector.dll
TpTrace Information: 0 : 12196, 1, 2022/04/09, 20:27:04.724, 20554385477, vstest.console.dll, AssemblyResolver.OnResolve: Microsoft.TestPlatform.Extensions.EventLogCollector: Resolving assembly.
TpTrace Information: 0 : 12196, 1, 2022/04/09, 20:27:04.724, 20554386519, vstest.console.dll, AssemblyResolver.OnResolve: Microsoft.TestPlatform.Extensions.EventLogCollector: Searching in: 'C:\Program Files\dotnet\sdk\6.0.201\Extensions'.
TpTrace Information: 0 : 12196, 1, 2022/04/09, 20:27:04.724, 20554390038, vstest.console.dll, AssemblyResolver.OnResolve: Microsoft.TestPlatform.Extensions.EventLogCollector: Loading assembly 'C:\Program Files\dotnet\sdk\6.0.201\Extensions\Microsoft.TestPlatform.Extensions.EventLogCollector.dll'.
TpTrace Information: 0 : 12196, 1, 2022/04/09, 20:27:04.725, 20554394947, vstest.console.dll, AssemblyResolver.OnResolve: Resolved assembly: Microsoft.TestPlatform.Extensions.EventLogCollector, from path: C:\Program Files\dotnet\sdk\6.0.201\Extensions\Microsoft.TestPlatform.Extensions.EventLogCollector.dll
TpTrace Information: 0 : 12196, 1, 2022/04/09, 20:27:04.726, 20554405137, vstest.console.dll, AssemblyResolver.OnResolve: Microsoft.TestPlatform.TestHostRuntimeProvider: Resolving assembly.
TpTrace Information: 0 : 12196, 1, 2022/04/09, 20:27:04.726, 20554406195, vstest.console.dll, AssemblyResolver.OnResolve: Microsoft.TestPlatform.TestHostRuntimeProvider: Searching in: 'C:\Program Files\dotnet\sdk\6.0.201\Extensions'.
TpTrace Information: 0 : 12196, 1, 2022/04/09, 20:27:04.726, 20554409239, vstest.console.dll, AssemblyResolver.OnResolve: Microsoft.TestPlatform.TestHostRuntimeProvider: Loading assembly 'C:\Program Files\dotnet\sdk\6.0.201\Extensions\Microsoft.TestPlatform.TestHostRuntimeProvider.dll'.
TpTrace Information: 0 : 12196, 1, 2022/04/09, 20:27:04.727, 20554415149, vstest.console.dll, AssemblyResolver.OnResolve: Resolved assembly: Microsoft.TestPlatform.TestHostRuntimeProvider, from path: C:\Program Files\dotnet\sdk\6.0.201\Extensions\Microsoft.TestPlatform.TestHostRuntimeProvider.dll
TpTrace Information: 0 : 12196, 1, 2022/04/09, 20:27:04.729, 20554434204, vstest.console.dll, AssemblyResolver.OnResolve: Microsoft.VisualStudio.TestPlatform.Extensions.Html.TestLogger: Resolving assembly.
TpTrace Information: 0 : 12196, 1, 2022/04/09, 20:27:04.729, 20554436026, vstest.console.dll, AssemblyResolver.OnResolve: Microsoft.VisualStudio.TestPlatform.Extensions.Html.TestLogger: Searching in: 'C:\Program Files\dotnet\sdk\6.0.201\Extensions'.
TpTrace Information: 0 : 12196, 1, 2022/04/09, 20:27:04.729, 20554439567, vstest.console.dll, AssemblyResolver.OnResolve: Microsoft.VisualStudio.TestPlatform.Extensions.Html.TestLogger: Loading assembly 'C:\Program Files\dotnet\sdk\6.0.201\Extensions\Microsoft.VisualStudio.TestPlatform.Extensions.Html.TestLogger.dll'.
TpTrace Information: 0 : 12196, 1, 2022/04/09, 20:27:04.730, 20554443811, vstest.console.dll, AssemblyResolver.OnResolve: Resolved assembly: Microsoft.VisualStudio.TestPlatform.Extensions.Html.TestLogger, from path: C:\Program Files\dotnet\sdk\6.0.201\Extensions\Microsoft.VisualStudio.TestPlatform.Extensions.Html.TestLogger.dll
TpTrace Information: 0 : 12196, 1, 2022/04/09, 20:27:04.730, 20554447464, vstest.console.dll, AssemblyResolver.OnResolve: Microsoft.VisualStudio.TestPlatform.Extensions.Trx.TestLogger: Resolving assembly.
TpTrace Information: 0 : 12196, 1, 2022/04/09, 20:27:04.730, 20554448074, vstest.console.dll, AssemblyResolver.OnResolve: Microsoft.VisualStudio.TestPlatform.Extensions.Trx.TestLogger: Searching in: 'C:\Program Files\dotnet\sdk\6.0.201\Extensions'.
TpTrace Information: 0 : 12196, 1, 2022/04/09, 20:27:04.730, 20554450323, vstest.console.dll, AssemblyResolver.OnResolve: Microsoft.VisualStudio.TestPlatform.Extensions.Trx.TestLogger: Loading assembly 'C:\Program Files\dotnet\sdk\6.0.201\Extensions\Microsoft.VisualStudio.TestPlatform.Extensions.Trx.TestLogger.dll'.
TpTrace Information: 0 : 12196, 1, 2022/04/09, 20:27:04.731, 20554454362, vstest.console.dll, AssemblyResolver.OnResolve: Resolved assembly: Microsoft.VisualStudio.TestPlatform.Extensions.Trx.TestLogger, from path: C:\Program Files\dotnet\sdk\6.0.201\Extensions\Microsoft.VisualStudio.TestPlatform.Extensions.Trx.TestLogger.dll
TpTrace Verbose: 0 : 12196, 1, 2022/04/09, 20:27:04.731, 20554459608, vstest.console.dll, TestPluginCache: Discovered the extensions using extension path ''.
TpTrace Verbose: 0 : 12196, 1, 2022/04/09, 20:27:04.731, 20554460685, vstest.console.dll, TestPluginCache: Discoverers are ''.
TpTrace Verbose: 0 : 12196, 1, 2022/04/09, 20:27:04.731, 20554461084, vstest.console.dll, TestPluginCache: Executors are ''.
TpTrace Verbose: 0 : 12196, 1, 2022/04/09, 20:27:04.731, 20554461434, vstest.console.dll, TestPluginCache: Executors2 are ''.
TpTrace Verbose: 0 : 12196, 1, 2022/04/09, 20:27:04.731, 20554461902, vstest.console.dll, TestPluginCache: Setting providers are ''.
TpTrace Verbose: 0 : 12196, 1, 2022/04/09, 20:27:04.731, 20554462232, vstest.console.dll, TestPluginCache: Loggers are ''.
TpTrace Information: 0 : 12196, 1, 2022/04/09, 20:27:04.736, 20554506671, vstest.console.dll, RunTestsArgumentProcessor:Execute: Test run is starting.
TpTrace Verbose: 0 : 12196, 1, 2022/04/09, 20:27:04.736, 20554507729, vstest.console.dll, RunTestsArgumentProcessor:Execute: Queuing Test run.
TpTrace Information: 0 : 12196, 1, 2022/04/09, 20:27:04.736, 20554509916, vstest.console.dll, TestRequestManager.RunTests: run tests started.
TpTrace Information: 0 : 12196, 1, 2022/04/09, 20:27:04.748, 20554624058, vstest.console.dll, AssemblyMetadataProvider.GetFrameWork: Determined framework:'.NETCoreApp,Version=v6.0' for source: 'C:\Users\USER\Desktop\SocialMedia1\SocialMedia1\SocialMedia1.Tests\bin\Debug\net6.0\fine-code-coverage\build-output\SocialMedia1.Tests.dll'
TpTrace Information: 0 : 12196, 1, 2022/04/09, 20:27:04.748, 20554626075, vstest.console.dll, Determined framework for all sources: .NETCoreApp,Version=v6.0
TpTrace Verbose: 0 : 12196, 1, 2022/04/09, 20:27:04.748, 20554629014, vstest.console.dll, Default architecture: X64 IsDefaultTargetArchitecture: True
TpTrace Information: 0 : 12196, 1, 2022/04/09, 20:27:04.748, 20554631980, vstest.console.dll, AssemblyMetadataProvider.GetArchitecture: Determined architecture:AnyCPU info for assembly: C:\Users\USER\Desktop\SocialMedia1\SocialMedia1\SocialMedia1.Tests\bin\Debug\net6.0\fine-code-coverage\build-output\SocialMedia1.Tests.dll
TpTrace Information: 0 : 12196, 1, 2022/04/09, 20:27:04.748, 20554632520, vstest.console.dll, Determined platform for source 'C:\Users\USER\Desktop\SocialMedia1\SocialMedia1\SocialMedia1.Tests\bin\Debug\net6.0\fine-code-coverage\build-output\SocialMedia1.Tests.dll' is 'AnyCPU'
TpTrace Information: 0 : 12196, 1, 2022/04/09, 20:27:04.751, 20554657175, vstest.console.dll, Determined platform for all sources: X64
TpTrace Information: 0 : 12196, 1, 2022/04/09, 20:27:04.751, 20554658356, vstest.console.dll, Infered platform 'X64'.
TpTrace Information: 0 : 12196, 1, 2022/04/09, 20:27:04.751, 20554658851, vstest.console.dll, Platform update to 'X64' required.
TpTrace Information: 0 : 12196, 1, 2022/04/09, 20:27:04.753, 20554683359, vstest.console.dll, Compatible sources list : 
TpTrace Information: 0 : 12196, 1, 2022/04/09, 20:27:04.754, 20554684310, vstest.console.dll, C:\Users\USER\Desktop\SocialMedia1\SocialMedia1\SocialMedia1.Tests\bin\Debug\net6.0\fine-code-coverage\build-output\SocialMedia1.Tests.dll
TpTrace Information: 0 : 12196, 1, 2022/04/09, 20:27:04.756, 20554706412, vstest.console.dll, InferRunSettingsHelper.IsTestSettingsEnabled: Unable to navigate to RunSettings/MSTest. Current node: RunSettings
TpTrace Information: 0 : 12196, 1, 2022/04/09, 20:27:04.756, 20554713099, vstest.console.dll, AssemblyResolver.OnResolve: Microsoft.VisualStudio.TestPlatform.Fakes: Resolving assembly.
TpTrace Information: 0 : 12196, 1, 2022/04/09, 20:27:04.757, 20554714066, vstest.console.dll, AssemblyResolver.OnResolve: Microsoft.VisualStudio.TestPlatform.Fakes: Searching in: 'C:\Program Files\dotnet\sdk\6.0.201\Extensions'.
TpTrace Information: 0 : 12196, 1, 2022/04/09, 20:27:04.757, 20554715232, vstest.console.dll, AssemblyResolver.OnResolve: Microsoft.VisualStudio.TestPlatform.Fakes: Assembly path does not exist: 'C:\Program Files\dotnet\sdk\6.0.201\Extensions\Microsoft.VisualStudio.TestPlatform.Fakes.dll', returning.
TpTrace Information: 0 : 12196, 1, 2022/04/09, 20:27:04.757, 20554715975, vstest.console.dll, AssemblyResolver.OnResolve: Microsoft.VisualStudio.TestPlatform.Fakes: Assembly path does not exist: 'C:\Program Files\dotnet\sdk\6.0.201\Extensions\Microsoft.VisualStudio.TestPlatform.Fakes.exe', returning.
TpTrace Information: 0 : 12196, 1, 2022/04/09, 20:27:04.757, 20554716392, vstest.console.dll, AssemblyResolver.OnResolve: Microsoft.VisualStudio.TestPlatform.Fakes: Searching in: 'C:\Program Files\dotnet\sdk\6.0.201'.
TpTrace Information: 0 : 12196, 1, 2022/04/09, 20:27:04.757, 20554717106, vstest.console.dll, AssemblyResolver.OnResolve: Microsoft.VisualStudio.TestPlatform.Fakes: Assembly path does not exist: 'C:\Program Files\dotnet\sdk\6.0.201\Microsoft.VisualStudio.TestPlatform.Fakes.dll', returning.
TpTrace Information: 0 : 12196, 1, 2022/04/09, 20:27:04.757, 20554717784, vstest.console.dll, AssemblyResolver.OnResolve: Microsoft.VisualStudio.TestPlatform.Fakes: Assembly path does not exist: 'C:\Program Files\dotnet\sdk\6.0.201\Microsoft.VisualStudio.TestPlatform.Fakes.exe', returning.
TpTrace Information: 0 : 12196, 1, 2022/04/09, 20:27:04.757, 20554718151, vstest.console.dll, AssemblyResolver.OnResolve: Microsoft.VisualStudio.TestPlatform.Fakes: Failed to load assembly.
TpTrace Information: 0 : 12196, 1, 2022/04/09, 20:27:04.757, 20554720678, vstest.console.dll, Failed to load assembly Microsoft.VisualStudio.TestPlatform.Fakes, Version=17.0.0.0, Culture=neutral. Reason:System.IO.FileNotFoundException: Could not load file or assembly 'Microsoft.VisualStudio.TestPlatform.Fakes, Version=17.0.0.0, Culture=neutral, PublicKeyToken=null'. The system cannot find the file specified.
File name: 'Microsoft.VisualStudio.TestPlatform.Fakes, Version=17.0.0.0, Culture=neutral, PublicKeyToken=null'
   at System.Reflection.RuntimeAssembly.InternalLoad(ObjectHandleOnStack assemblyName, ObjectHandleOnStack requestingAssembly, StackCrawlMarkHandle stackMark, Boolean throwOnFileNotFound, ObjectHandleOnStack assemblyLoadContext, ObjectHandleOnStack retAssembly)
   at System.Reflection.RuntimeAssembly.InternalLoad(AssemblyName assemblyName, RuntimeAssembly requestingAssembly, StackCrawlMark& stackMark, Boolean throwOnFileNotFound, AssemblyLoadContext assemblyLoadContext)
   at System.Reflection.Assembly.Load(AssemblyName assemblyRef)
   at Microsoft.VisualStudio.TestPlatform.Common.Utilities.FakesUtilities.LoadTestPlatformAssembly()
TpTrace Verbose: 0 : 12196, 1, 2022/04/09, 20:27:04.761, 20554759014, vstest.console.dll, TestPluginCache.DiscoverTestExtensions: finding test extensions in assemblies ends with: TestLogger.dll TPluginInfo: Microsoft.VisualStudio.TestPlatform.Common.ExtensionFramework.Utilities.TestLoggerPluginInformation TExtension: Microsoft.VisualStudio.TestPlatform.ObjectModel.Client.ITestLogger
TpTrace Verbose: 0 : 12196, 1, 2022/04/09, 20:27:04.761, 20554762225, vstest.console.dll, TestPluginCache.GetExtensionPaths: Filtered extension paths: 
TpTrace Verbose: 0 : 12196, 1, 2022/04/09, 20:27:04.761, 20554762772, vstest.console.dll, TestPluginCache.GetExtensionPaths: Added default extension paths: C:\Program Files\dotnet\sdk\6.0.201\Extensions\DumpMinitool.exe
C:\Program Files\dotnet\sdk\6.0.201\Extensions\DumpMinitool.x86.exe
C:\Program Files\dotnet\sdk\6.0.201\Extensions\Microsoft.Diagnostics.NETCore.Client.dll
C:\Program Files\dotnet\sdk\6.0.201\Extensions\Microsoft.TestPlatform.Extensions.BlameDataCollector.dll
C:\Program Files\dotnet\sdk\6.0.201\Extensions\Microsoft.TestPlatform.Extensions.EventLogCollector.dll
C:\Program Files\dotnet\sdk\6.0.201\Extensions\Microsoft.TestPlatform.TestHostRuntimeProvider.dll
C:\Program Files\dotnet\sdk\6.0.201\Extensions\Microsoft.VisualStudio.TestPlatform.Extensions.Html.TestLogger.dll
C:\Program Files\dotnet\sdk\6.0.201\Extensions\Microsoft.VisualStudio.TestPlatform.Extensions.Trx.TestLogger.dll
TpTrace Verbose: 0 : 12196, 1, 2022/04/09, 20:27:04.761, 20554763235, vstest.console.dll, TestPluginCache.GetExtensionPaths: Added unfilterableExtensionPaths: 
TpTrace Information: 0 : 12196, 1, 2022/04/09, 20:27:04.762, 20554765391, vstest.console.dll, AssemblyResolver.AddSearchDirectories: Adding more searchDirectories C:\Program Files\dotnet\sdk\6.0.201\Extensions,C:\Program Files\dotnet\sdk\6.0.201
TpTrace Verbose: 0 : 12196, 1, 2022/04/09, 20:27:04.762, 20554765946, vstest.console.dll, TestPluginCache.DiscoverTestExtensions: Discovering the extensions using extension path.
TpTrace Verbose: 0 : 12196, 1, 2022/04/09, 20:27:04.762, 20554766404, vstest.console.dll, TestPluginCache.GetExtensionPaths: Filtered extension paths: 
TpTrace Verbose: 0 : 12196, 1, 2022/04/09, 20:27:04.762, 20554766934, vstest.console.dll, TestPluginCache.GetExtensionPaths: Added default extension paths: C:\Program Files\dotnet\sdk\6.0.201\Extensions\DumpMinitool.exe
C:\Program Files\dotnet\sdk\6.0.201\Extensions\DumpMinitool.x86.exe
C:\Program Files\dotnet\sdk\6.0.201\Extensions\Microsoft.Diagnostics.NETCore.Client.dll
C:\Program Files\dotnet\sdk\6.0.201\Extensions\Microsoft.TestPlatform.Extensions.BlameDataCollector.dll
C:\Program Files\dotnet\sdk\6.0.201\Extensions\Microsoft.TestPlatform.Extensions.EventLogCollector.dll
C:\Program Files\dotnet\sdk\6.0.201\Extensions\Microsoft.TestPlatform.TestHostRuntimeProvider.dll
C:\Program Files\dotnet\sdk\6.0.201\Extensions\Microsoft.VisualStudio.TestPlatform.Extensions.Html.TestLogger.dll
C:\Program Files\dotnet\sdk\6.0.201\Extensions\Microsoft.VisualStudio.TestPlatform.Extensions.Trx.TestLogger.dll
TpTrace Verbose: 0 : 12196, 1, 2022/04/09, 20:27:04.762, 20554767390, vstest.console.dll, TestPluginCache.GetExtensionPaths: Added unfilterableExtensionPaths: 
TpTrace Verbose: 0 : 12196, 1, 2022/04/09, 20:27:04.762, 20554767965, vstest.console.dll, TestPluginCache.DiscoverTestExtensions: Discovering the extensions using allExtensionPaths: C:\Program Files\dotnet\sdk\6.0.201\Extensions\DumpMinitool.exe
C:\Program Files\dotnet\sdk\6.0.201\Extensions\DumpMinitool.x86.exe
C:\Program Files\dotnet\sdk\6.0.201\Extensions\Microsoft.Diagnostics.NETCore.Client.dll
C:\Program Files\dotnet\sdk\6.0.201\Extensions\Microsoft.TestPlatform.Extensions.BlameDataCollector.dll
C:\Program Files\dotnet\sdk\6.0.201\Extensions\Microsoft.TestPlatform.Extensions.EventLogCollector.dll
C:\Program Files\dotnet\sdk\6.0.201\Extensions\Microsoft.TestPlatform.TestHostRuntimeProvider.dll
C:\Program Files\dotnet\sdk\6.0.201\Extensions\Microsoft.VisualStudio.TestPlatform.Extensions.Html.TestLogger.dll
C:\Program Files\dotnet\sdk\6.0.201\Extensions\Microsoft.VisualStudio.TestPlatform.Extensions.Trx.TestLogger.dll
TpTrace Information: 0 : 12196, 1, 2022/04/09, 20:27:04.762, 20554769019, vstest.console.dll, AssemblyResolver.AddSearchDirectories: Adding more searchDirectories C:\Program Files\dotnet\sdk\6.0.201\Extensions,C:\Program Files\dotnet\sdk\6.0.201
TpTrace Information: 0 : 12196, 1, 2022/04/09, 20:27:04.762, 20554769507, vstest.console.dll, AssemblyResolver.AddSearchDirectories: Adding more searchDirectories C:\Program Files\dotnet\sdk\6.0.201\Extensions,C:\Program Files\dotnet\sdk\6.0.201
TpTrace Information: 0 : 12196, 1, 2022/04/09, 20:27:04.762, 20554770115, vstest.console.dll, AssemblyResolver.AddSearchDirectories: Adding more searchDirectories C:\Program Files\dotnet\sdk\6.0.201\Extensions,C:\Program Files\dotnet\sdk\6.0.201
TpTrace Information: 0 : 12196, 1, 2022/04/09, 20:27:04.762, 20554770501, vstest.console.dll, AssemblyResolver.AddSearchDirectories: Adding more searchDirectories C:\Program Files\dotnet\sdk\6.0.201\Extensions,C:\Program Files\dotnet\sdk\6.0.201
TpTrace Information: 0 : 12196, 1, 2022/04/09, 20:27:04.762, 20554771013, vstest.console.dll, AssemblyResolver.AddSearchDirectories: Adding more searchDirectories C:\Program Files\dotnet\sdk\6.0.201\Extensions,C:\Program Files\dotnet\sdk\6.0.201
TpTrace Information: 0 : 12196, 1, 2022/04/09, 20:27:04.762, 20554771443, vstest.console.dll, AssemblyResolver.AddSearchDirectories: Adding more searchDirectories C:\Program Files\dotnet\sdk\6.0.201\Extensions,C:\Program Files\dotnet\sdk\6.0.201
TpTrace Information: 0 : 12196, 1, 2022/04/09, 20:27:04.762, 20554771966, vstest.console.dll, AssemblyResolver.AddSearchDirectories: Adding more searchDirectories C:\Program Files\dotnet\sdk\6.0.201\Extensions,C:\Program Files\dotnet\sdk\6.0.201
TpTrace Information: 0 : 12196, 1, 2022/04/09, 20:27:04.762, 20554772340, vstest.console.dll, AssemblyResolver.AddSearchDirectories: Adding more searchDirectories C:\Program Files\dotnet\sdk\6.0.201\Extensions,C:\Program Files\dotnet\sdk\6.0.201
TpTrace Information: 0 : 12196, 1, 2022/04/09, 20:27:04.763, 20554775789, vstest.console.dll, AssemblyResolver.OnResolve: Microsoft.Bcl.AsyncInterfaces: Resolving assembly.
TpTrace Information: 0 : 12196, 1, 2022/04/09, 20:27:04.763, 20554776291, vstest.console.dll, AssemblyResolver.OnResolve: Microsoft.Bcl.AsyncInterfaces: Resolved from cache.
TpTrace Verbose: 0 : 12196, 1, 2022/04/09, 20:27:04.763, 20554776854, vstest.console.dll, CurrentDomainAssemblyResolve: Resolving assembly 'Microsoft.Bcl.AsyncInterfaces'.
TpTrace Information: 0 : 12196, 1, 2022/04/09, 20:27:04.763, 20554777522, vstest.console.dll, AssemblyResolver.OnResolve: Microsoft.Bcl.AsyncInterfaces: Resolving assembly.
TpTrace Information: 0 : 12196, 1, 2022/04/09, 20:27:04.763, 20554777903, vstest.console.dll, AssemblyResolver.OnResolve: Microsoft.Bcl.AsyncInterfaces: Resolved from cache.
TpTrace Verbose: 0 : 12196, 1, 2022/04/09, 20:27:04.763, 20554778373, vstest.console.dll, CurrentDomainAssemblyResolve: Resolving assembly 'Microsoft.Bcl.AsyncInterfaces'.
TpTrace Verbose: 0 : 12196, 1, 2022/04/09, 20:27:04.763, 20554778884, vstest.console.dll, CurrentDomainAssemblyResolve: Failed to resolve assembly 'Microsoft.Bcl.AsyncInterfaces'.
TpTrace Verbose: 0 : 12196, 1, 2022/04/09, 20:27:04.763, 20554780626, vstest.console.dll, CurrentDomainAssemblyResolve: Failed to resolve assembly 'Microsoft.Bcl.AsyncInterfaces'.
TpTrace Warning: 0 : 12196, 1, 2022/04/09, 20:27:04.764, 20554784073, vstest.console.dll, TestPluginDiscoverer: Failed to get types from assembly 'Microsoft.Diagnostics.NETCore.Client, Version=0.2.5.801, Culture=neutral, PublicKeyToken=31bf3856ad364e35'.  Skipping test extension scan for this assembly.  Error: System.Reflection.ReflectionTypeLoadException: Unable to load one or more of the requested types.
Could not load file or assembly 'Microsoft.Bcl.AsyncInterfaces, Version=1.0.0.0, Culture=neutral, PublicKeyToken=cc7b13ffcd2ddd51'. The system cannot find the file specified.
   at System.Reflection.RuntimeModule.GetTypes(RuntimeModule module)
   at System.Reflection.Assembly.GetTypes()
   at Microsoft.VisualStudio.TestPlatform.Common.ExtensionFramework.TestPluginDiscoverer.GetTestExtensionsFromAssembly[TPluginInfo,TExtension](Assembly assembly, Dictionary`2 pluginInfos)
System.IO.FileNotFoundException: Could not load file or assembly 'Microsoft.Bcl.AsyncInterfaces, Version=1.0.0.0, Culture=neutral, PublicKeyToken=cc7b13ffcd2ddd51'. The system cannot find the file specified.
File name: 'Microsoft.Bcl.AsyncInterfaces, Version=1.0.0.0, Culture=neutral, PublicKeyToken=cc7b13ffcd2ddd51'
 ---> System.IO.FileNotFoundException: Could not load file or assembly 'Microsoft.Bcl.AsyncInterfaces, Culture=neutral, PublicKeyToken=null'. The system cannot find the file specified.
File name: 'Microsoft.Bcl.AsyncInterfaces, Culture=neutral, PublicKeyToken=null'
   at System.Reflection.RuntimeAssembly.InternalLoad(ObjectHandleOnStack assemblyName, ObjectHandleOnStack requestingAssembly, StackCrawlMarkHandle stackMark, Boolean throwOnFileNotFound, ObjectHandleOnStack assemblyLoadContext, ObjectHandleOnStack retAssembly)
   at System.Reflection.RuntimeAssembly.InternalLoad(AssemblyName assemblyName, RuntimeAssembly requestingAssembly, StackCrawlMark& stackMark, Boolean throwOnFileNotFound, AssemblyLoadContext assemblyLoadContext)
   at System.Reflection.Assembly.Load(AssemblyName assemblyRef)
   at Microsoft.VisualStudio.TestPlatform.Common.ExtensionFramework.TestPluginCache.CurrentDomainAssemblyResolve(Object sender, AssemblyResolveEventArgs args)
   at Microsoft.VisualStudio.TestPlatform.PlatformAbstractions.PlatformAssemblyResolver.AssemblyResolverEvent(Object sender, Object eventArgs)
   at System.Runtime.Loader.AssemblyLoadContext.GetFirstResolvedAssemblyFromResolvingEvent(AssemblyName assemblyName)
   at System.Runtime.Loader.AssemblyLoadContext.ResolveUsingEvent(AssemblyName assemblyName)
   at System.Runtime.Loader.AssemblyLoadContext.ResolveUsingResolvingEvent(IntPtr gchManagedAssemblyLoadContext, AssemblyName assemblyName)
TpTrace Warning: 0 : 12196, 1, 2022/04/09, 20:27:04.764, 20554785665, vstest.console.dll, LoaderExceptions: System.IO.FileNotFoundException: Could not load file or assembly 'Microsoft.Bcl.AsyncInterfaces, Version=1.0.0.0, Culture=neutral, PublicKeyToken=cc7b13ffcd2ddd51'. The system cannot find the file specified.
File name: 'Microsoft.Bcl.AsyncInterfaces, Version=1.0.0.0, Culture=neutral, PublicKeyToken=cc7b13ffcd2ddd51'
 ---> System.IO.FileNotFoundException: Could not load file or assembly 'Microsoft.Bcl.AsyncInterfaces, Culture=neutral, PublicKeyToken=null'. The system cannot find the file specified.
File name: 'Microsoft.Bcl.AsyncInterfaces, Culture=neutral, PublicKeyToken=null'
   at System.Reflection.RuntimeAssembly.InternalLoad(ObjectHandleOnStack assemblyName, ObjectHandleOnStack requestingAssembly, StackCrawlMarkHandle stackMark, Boolean throwOnFileNotFound, ObjectHandleOnStack assemblyLoadContext, ObjectHandleOnStack retAssembly)
   at System.Reflection.RuntimeAssembly.InternalLoad(AssemblyName assemblyName, RuntimeAssembly requestingAssembly, StackCrawlMark& stackMark, Boolean throwOnFileNotFound, AssemblyLoadContext assemblyLoadContext)
   at System.Reflection.Assembly.Load(AssemblyName assemblyRef)
   at Microsoft.VisualStudio.TestPlatform.Common.ExtensionFramework.TestPluginCache.CurrentDomainAssemblyResolve(Object sender, AssemblyResolveEventArgs args)
   at Microsoft.VisualStudio.TestPlatform.PlatformAbstractions.PlatformAssemblyResolver.AssemblyResolverEvent(Object sender, Object eventArgs)
   at System.Runtime.Loader.AssemblyLoadContext.GetFirstResolvedAssemblyFromResolvingEvent(AssemblyName assemblyName)
   at System.Runtime.Loader.AssemblyLoadContext.ResolveUsingEvent(AssemblyName assemblyName)
   at System.Runtime.Loader.AssemblyLoadContext.ResolveUsingResolvingEvent(IntPtr gchManagedAssemblyLoadContext, AssemblyName assemblyName)
TpTrace Verbose: 0 : 12196, 1, 2022/04/09, 20:27:04.764, 20554791270, vstest.console.dll, TestPluginCache: Discovered the extensions using extension path ''.
TpTrace Verbose: 0 : 12196, 1, 2022/04/09, 20:27:04.764, 20554792359, vstest.console.dll, TestPluginCache: Discoverers are ''.
TpTrace Verbose: 0 : 12196, 1, 2022/04/09, 20:27:04.764, 20554792992, vstest.console.dll, TestPluginCache: Executors are ''.
TpTrace Verbose: 0 : 12196, 1, 2022/04/09, 20:27:04.764, 20554793424, vstest.console.dll, TestPluginCache: Executors2 are ''.
TpTrace Verbose: 0 : 12196, 1, 2022/04/09, 20:27:04.765, 20554793910, vstest.console.dll, TestPluginCache: Setting providers are ''.
TpTrace Verbose: 0 : 12196, 1, 2022/04/09, 20:27:04.765, 20554795206, vstest.console.dll, TestPluginCache: Loggers are 'logger://Microsoft/TestPlatform/Extensions/Blame/v1,logger://Microsoft/TestPlatform/HtmlLogger/v1,logger://Microsoft/TestPlatform/TrxLogger/v1'.
TpTrace Information: 0 : 12196, 1, 2022/04/09, 20:27:04.765, 20554802986, vstest.console.dll, TestPluginManager.CreateTestExtension: Attempting to load test extension: Microsoft.TestPlatform.Extensions.BlameDataCollector.BlameLogger
TpTrace Information: 0 : 12196, 1, 2022/04/09, 20:27:04.771, 20554859980, vstest.console.dll, TestPluginManager.CreateTestExtension: Attempting to load test extension: Microsoft.VisualStudio.TestPlatform.CrossPlatEngine.Hosting.DefaultTestHostManager
TpTrace Information: 0 : 12196, 1, 2022/04/09, 20:27:04.772, 20554870645, vstest.console.dll, TestPluginManager.CreateTestExtension: Attempting to load test extension: Microsoft.VisualStudio.TestPlatform.CrossPlatEngine.Hosting.DotnetTestHostManager
TpTrace Verbose: 0 : 12196, 1, 2022/04/09, 20:27:04.773, 20554877728, vstest.console.dll, TestEngine: Initializing Parallel Execution as MaxCpuCount is set to: 1
TpTrace Information: 0 : 12196, 1, 2022/04/09, 20:27:04.774, 20554884653, vstest.console.dll, InferRunSettingsHelper.IsTestSettingsEnabled: Unable to navigate to RunSettings/MSTest. Current node: RunSettings
TpTrace Verbose: 0 : 12196, 1, 2022/04/09, 20:27:04.787, 20555015231, vstest.console.dll, TestRequestSender is acting as server
TpTrace Verbose: 0 : 12196, 5, 2022/04/09, 20:27:04.792, 20555072687, vstest.console.dll, DataCollectionRequestSender.InitializeCommunication : Initialize communication. 
TpTrace Information: 0 : 12196, 5, 2022/04/09, 20:27:04.800, 20555146542, vstest.console.dll, Listening on Endpoint : 127.0.0.1:60074
TpTrace Verbose: 0 : 12196, 5, 2022/04/09, 20:27:04.810, 20555252308, vstest.console.dll, DotnetDataCollectionLauncher: Full path of dotnet.exe is C:\Program Files\dotnet\dotnet.exe
TpTrace Verbose: 0 : 12196, 5, 2022/04/09, 20:27:04.811, 20555254308, vstest.console.dll, DotnetDataCollectionLauncher: Adding  --runtimeconfig "C:\Program Files\dotnet\sdk\6.0.201\datacollector.runtimeconfig.json" in args
TpTrace Verbose: 0 : 12196, 5, 2022/04/09, 20:27:04.811, 20555255218, vstest.console.dll, DotnetDataCollectionLauncher: Adding  --depsfile "C:\Program Files\dotnet\sdk\6.0.201\datacollector.deps.json" in args
TpTrace Information: 0 : 12196, 5, 2022/04/09, 20:27:04.820, 20555344492, vstest.console.dll, ProxyDataCollectionManager.Initialize: Launched datacollector processId: 4212 port: 60074
TpTrace Information: 0 : 12196, 5, 2022/04/09, 20:27:04.820, 20555347211, vstest.console.dll, ProxyDataCollectionManager.Initialize: waiting for connection with timeout: 90 seconds
TpTrace Verbose: 0 : 12196, 5, 2022/04/09, 20:27:04.820, 20555348395, vstest.console.dll, DataCollectionRequestSender.WaitForRequestHandlerConnection : Waiting for connection with timeout: 90000
TpTrace Information: 0 : 12196, 8, 2022/04/09, 20:27:04.952, 20556667708, vstest.console.dll, Using the buffer size of 16384 bytes
TpTrace Verbose: 0 : 12196, 5, 2022/04/09, 20:27:04.952, 20556668272, vstest.console.dll, ProxyDataCollectionManager.InvokeDataCollectionServiceAction: Starting.
TpTrace Information: 0 : 12196, 8, 2022/04/09, 20:27:04.952, 20556669194, vstest.console.dll, Accepted Client request and set the flag
TpTrace Information: 0 : 12196, 5, 2022/04/09, 20:27:04.952, 20556670414, vstest.console.dll, ProxyDataCollectionManager.BeforeTestRunStart: Get environment variable and port for datacollector processId: 4212 port: 60074
TpTrace Verbose: 0 : 12196, 5, 2022/04/09, 20:27:04.952, 20556672027, vstest.console.dll, DataCollectionRequestSender.SendBeforeTestRunStartAndGetResult : Send BeforeTestRunStart message with settingsXml <RunSettings><RunConfiguration><ResultsDirectory>C:\Users\USER\Desktop\SocialMedia1\SocialMedia1\SocialMedia1.Tests\bin\Debug\net6.0\fine-code-coverage\coverage-tool-output</ResultsDirectory><TargetPlatform>X64</TargetPlatform><TargetFrameworkVersion>.NETCoreApp,Version=v6.0</TargetFrameworkVersion><DesignMode>False</DesignMode><CollectSourceInformation>False</CollectSourceInformation><TestAdaptersPaths>C:\Program Files\dotnet\sdk\6.0.201\Extensions</TestAdaptersPaths></RunConfiguration><LoggerRunSettings><Loggers><Logger friendlyName="blame" enabled="True" /><Logger friendlyName="Console" uri="logger://microsoft/TestPlatform/ConsoleLogger/v1" assemblyQualifiedName="Microsoft.VisualStudio.TestPlatform.CommandLine.Internal.ConsoleLogger, vstest.console, Version=15.0.0.0, Culture=neutral, PublicKeyToken=b03f5f7f11d50a3a" codeBase="C:\Program Files\dotnet\sdk\6.0.201\vstest.console.dll" enabled="True" /></Loggers></LoggerRunSettings><DataCollectionRunSettings><DataCollectors><DataCollector friendlyName="blame" enabled="True"><Configuration><ResultsDirectory>C:\Users\USER\Desktop\SocialMedia1\SocialMedia1\SocialMedia1.Tests\bin\Debug\net6.0\fine-code-coverage\coverage-tool-output</ResultsDirectory></Configuration></DataCollector></DataCollectors></DataCollectionRunSettings></RunSettings> and sources System.Linq.Enumerable+Concat2Iterator`1[System.String]: 
TpTrace Verbose: 0 : 12196, 5, 2022/04/09, 20:27:05.035, 20557496509, vstest.console.dll, DataCollectionRequestSender.SendBeforeTestRunStartAndGetResult : Received message: (DataCollection.SendMessage) -> {
  "FriendlyName": null,
  "Uri": null,
  "TestCaseId": "00000000-0000-0000-0000-000000000000",
  "Message": "Logging DataCollector Diagnostics in file: C:\\Users\\USER\\Desktop\\SocialMedia1\\SocialMedia1\\SocialMedia1.Tests\\bin\\Debug\\net6.0\\fine-code-coverage\\coverage-tool-output\\diagnostics.datacollector.22-04-09_20-27-04_80687_5.log",
  "Level": 0
}
TpTrace Verbose: 0 : 12196, 5, 2022/04/09, 20:27:05.110, 20558251193, vstest.console.dll, DataCollectionRequestSender.SendBeforeTestRunStartAndGetResult : Received message: (DataCollection.BeforeTestRunStartResult) -> {
  "EnvironmentVariables": {},
  "DataCollectionEventsPort": 60076
}
TpTrace Information: 0 : 12196, 5, 2022/04/09, 20:27:05.116, 20558308435, vstest.console.dll, ProxyDataCollectionManager.BeforeTestRunStart: SendBeforeTestRunStartAndGetResult successful, env variable from datacollector:   and testhost port: 60076
TpTrace Information: 0 : 12196, 5, 2022/04/09, 20:27:05.116, 20558309956, vstest.console.dll, ProxyDataCollectionManager.InvokeDataCollectionServiceAction: Completed.
TpTrace Verbose: 0 : 12196, 1, 2022/04/09, 20:27:05.116, 20558312129, vstest.console.dll, TestRunRequest.ExecuteAsync: Creating test run request.
TpTrace Verbose: 0 : 12196, 1, 2022/04/09, 20:27:05.117, 20558314956, vstest.console.dll, TestRunRequest.ExecuteAsync: Starting.
TpTrace Information: 0 : 12196, 1, 2022/04/09, 20:27:05.117, 20558318338, vstest.console.dll, TestRunRequest.ExecuteAsync: Starting run with settings:TestRunCriteria:
   KeepAlive=False,FrequencyOfRunStatsChangeEvent=10,RunStatsChangeEventTimeout=00:00:01.5000000,TestCaseFilter=,TestExecutorLauncher=
   Settingsxml=<RunSettings>
  <RunConfiguration>
    <ResultsDirectory>C:\Users\USER\Desktop\SocialMedia1\SocialMedia1\SocialMedia1.Tests\bin\Debug\net6.0\fine-code-coverage\coverage-tool-output</ResultsDirectory>
    <TargetPlatform>X64</TargetPlatform>
    <TargetFrameworkVersion>.NETCoreApp,Version=v6.0</TargetFrameworkVersion>
    <DesignMode>False</DesignMode>
    <CollectSourceInformation>False</CollectSourceInformation>
  </RunConfiguration>
  <LoggerRunSettings>
    <Loggers>
      <Logger friendlyName="blame" enabled="True" />
      <Logger friendlyName="Console" uri="logger://microsoft/TestPlatform/ConsoleLogger/v1" assemblyQualifiedName="Microsoft.VisualStudio.TestPlatform.CommandLine.Internal.ConsoleLogger, vstest.console, Version=15.0.0.0, Culture=neutral, PublicKeyToken=b03f5f7f11d50a3a" codeBase="C:\Program Files\dotnet\sdk\6.0.201\vstest.console.dll" enabled="True" />
    </Loggers>
  </LoggerRunSettings>
  <DataCollectionRunSettings>
    <DataCollectors>
      <DataCollector friendlyName="blame" enabled="True">
        <Configuration>
          <ResultsDirectory>C:\Users\USER\Desktop\SocialMedia1\SocialMedia1\SocialMedia1.Tests\bin\Debug\net6.0\fine-code-coverage\coverage-tool-output</ResultsDirectory>
        </Configuration>
      </DataCollector>
    </DataCollectors>
  </DataCollectionRunSettings>
</RunSettings>

TpTrace Verbose: 0 : 12196, 1, 2022/04/09, 20:27:05.117, 20558318991, vstest.console.dll, TestRunRequest.ExecuteAsync: Wait for the first run request is over.
TpTrace Verbose: 0 : 12196, 1, 2022/04/09, 20:27:05.117, 20558323197, vstest.console.dll, ParallelProxyExecutionManager: Start execution. Total sources: 1
TpTrace Information: 0 : 12196, 1, 2022/04/09, 20:27:05.118, 20558329362, vstest.console.dll, ProxyParallelExecutionManager: Triggering test run for next source: C:\Users\USER\Desktop\SocialMedia1\SocialMedia1\SocialMedia1.Tests\bin\Debug\net6.0\fine-code-coverage\build-output\SocialMedia1.Tests.dll
TpTrace Verbose: 0 : 12196, 5, 2022/04/09, 20:27:05.118, 20558331114, vstest.console.dll, ParallelProxyExecutionManager: Execution started. Started clients: 1
TpTrace Verbose: 0 : 12196, 1, 2022/04/09, 20:27:05.118, 20558331616, vstest.console.dll, ProxyParallelExecutionManager: No sources available for execution.
TpTrace Information: 0 : 12196, 1, 2022/04/09, 20:27:05.118, 20558332455, vstest.console.dll, TestRunRequest.ExecuteAsync: Started.
TpTrace Verbose: 0 : 12196, 1, 2022/04/09, 20:27:05.118, 20558333236, vstest.console.dll, TestRunRequest.WaitForCompletion: Waiting with timeout -1.
TpTrace Verbose: 0 : 12196, 5, 2022/04/09, 20:27:05.119, 20558334475, vstest.console.dll, TestRunRequest:SendTestRunMessage: Starting.
TpTrace Information: 0 : 12196, 5, 2022/04/09, 20:27:05.119, 20558336299, vstest.console.dll, TestRunRequest:SendTestRunMessage: Completed.
TpTrace Verbose: 0 : 12196, 5, 2022/04/09, 20:27:05.119, 20558338821, vstest.console.dll, ProxyExecutionManager: Test host is always Lazy initialize.
TpTrace Verbose: 0 : 12196, 5, 2022/04/09, 20:27:05.119, 20558341133, vstest.console.dll, TestRequestSender.InitializeCommunication: initialize communication. 
TpTrace Information: 0 : 12196, 5, 2022/04/09, 20:27:05.120, 20558346875, vstest.console.dll, SocketServer.Start: Listening on endpoint : 127.0.0.1:60077
TpTrace Verbose: 0 : 12196, 5, 2022/04/09, 20:27:05.121, 20558354642, vstest.console.dll, DotnetTestHostmanager.GetTestHostProcessStartInfo: Platform environment 'X64' target architecture 'X64' framework '.NETCoreApp,Version=v6.0' OS 'Windows'
TpTrace Verbose: 0 : 12196, 5, 2022/04/09, 20:27:05.121, 20558357020, vstest.console.dll, DotnetTestHostmanager: Adding  --runtimeconfig "C:\Users\USER\Desktop\SocialMedia1\SocialMedia1\SocialMedia1.Tests\bin\Debug\net6.0\fine-code-coverage\build-output\SocialMedia1.Tests.runtimeconfig.json" in args
TpTrace Verbose: 0 : 12196, 5, 2022/04/09, 20:27:05.121, 20558358299, vstest.console.dll, DotnetTestHostmanager: Adding  --depsfile "C:\Users\USER\Desktop\SocialMedia1\SocialMedia1\SocialMedia1.Tests\bin\Debug\net6.0\fine-code-coverage\build-output\SocialMedia1.Tests.deps.json" in args
TpTrace Verbose: 0 : 12196, 5, 2022/04/09, 20:27:05.123, 20558377254, vstest.console.dll, DotnetTestHostmanager.IsWinOnArm: Current PROCESSOR_ARCHITECTURE from registry 'AMD64'
TpTrace Verbose: 0 : 12196, 5, 2022/04/09, 20:27:05.123, 20558378807, vstest.console.dll, DotnetTestHostmanager.IsWinOnArm: Is Windows on ARM 'False'
TpTrace Verbose: 0 : 12196, 5, 2022/04/09, 20:27:05.123, 20558380300, vstest.console.dll, DotnetTestHostManager: testhost.exe found at path: C:\Users\USER\Desktop\SocialMedia1\SocialMedia1\SocialMedia1.Tests\bin\Debug\net6.0\fine-code-coverage\build-output\testhost.exe
TpTrace Verbose: 0 : 12196, 5, 2022/04/09, 20:27:05.123, 20558381021, vstest.console.dll, DotnetTestHostmanager: Full path of host exe is C:\Users\USER\Desktop\SocialMedia1\SocialMedia1\SocialMedia1.Tests\bin\Debug\net6.0\fine-code-coverage\build-output\testhost.exe
TpTrace Verbose: 0 : 12196, 5, 2022/04/09, 20:27:05.123, 20558382621, vstest.console.dll, DotnetTestHostmanager.LaunchTestHostAsync: Found 'VSTEST_WINAPPHOST_DOTNET_ROOT' in env variables, value 'C:\Program Files\dotnet'
TpTrace Verbose: 0 : 12196, 7, 2022/04/09, 20:27:05.124, 20558391439, vstest.console.dll, DotnetTestHostManager: Starting process 'C:\Users\USER\Desktop\SocialMedia1\SocialMedia1\SocialMedia1.Tests\bin\Debug\net6.0\fine-code-coverage\build-output\testhost.exe' with command line ' --runtimeconfig "C:\Users\USER\Desktop\SocialMedia1\SocialMedia1\SocialMedia1.Tests\bin\Debug\net6.0\fine-code-coverage\build-output\SocialMedia1.Tests.runtimeconfig.json" --depsfile "C:\Users\USER\Desktop\SocialMedia1\SocialMedia1\SocialMedia1.Tests\bin\Debug\net6.0\fine-code-coverage\build-output\SocialMedia1.Tests.deps.json" --port 60077 --endpoint 127.0.0.1:060077 --role client --parentprocessid 12196 --diag "C:\Users\USER\Desktop\SocialMedia1\SocialMedia1\SocialMedia1.Tests\bin\Debug\net6.0\fine-code-coverage\coverage-tool-output\diagnostics.host.22-04-09_20-27-05_12072_5.log" --tracelevel 4 --datacollectionport 60076 --telemetryoptedin false'
TpTrace Verbose: 0 : 12196, 7, 2022/04/09, 20:27:05.133, 20558483434, vstest.console.dll, Test Runtime launched
TpTrace Verbose: 0 : 12196, 5, 2022/04/09, 20:27:05.134, 20558489789, vstest.console.dll, TestRequestSender.WaitForRequestHandlerConnection: waiting for connection with timeout: 90000
TpTrace Verbose: 0 : 12196, 7, 2022/04/09, 20:27:05.304, 20560186236, vstest.console.dll, SocketServer.OnClientConnected: Client connected for endPoint: 127.0.0.1:60077, starting MessageLoopAsync:
TpTrace Verbose: 0 : 12196, 7, 2022/04/09, 20:27:05.304, 20560189301, vstest.console.dll, TcpClientExtensions.MessageLoopAsync: Polling on remoteEndPoint: 127.0.0.1:60078 localEndPoint: 127.0.0.1:60077
TpTrace Verbose: 0 : 12196, 5, 2022/04/09, 20:27:05.309, 20560241862, vstest.console.dll, TestRequestSender.CheckVersionWithTestHost: Sending check version message: {"MessageType":"ProtocolVersion","Payload":5}
TpTrace Verbose: 0 : 12196, 7, 2022/04/09, 20:27:05.463, 20561783181, vstest.console.dll, TcpClientExtensions.MessageLoopAsync: NotifyDataAvailable remoteEndPoint: 127.0.0.1:60078 localEndPoint: 127.0.0.1:60077
TpTrace Verbose: 0 : 12196, 7, 2022/04/09, 20:27:05.464, 20561786492, vstest.console.dll, TestRequestSender.CheckVersionWithTestHost: onMessageReceived received message: (ProtocolVersion) -> 5
TpTrace Verbose: 0 : 12196, 7, 2022/04/09, 20:27:05.464, 20561791223, vstest.console.dll, TcpClientExtensions.MessageLoopAsync: Polling on remoteEndPoint: 127.0.0.1:60078 localEndPoint: 127.0.0.1:60077
TpTrace Verbose: 0 : 12196, 5, 2022/04/09, 20:27:05.464, 20561792117, vstest.console.dll, TestPluginCache.GetExtensionPaths: Filtered extension paths: 
TpTrace Verbose: 0 : 12196, 5, 2022/04/09, 20:27:05.464, 20561793195, vstest.console.dll, TestPluginCache.GetExtensionPaths: Added default extension paths: C:\Program Files\dotnet\sdk\6.0.201\Extensions\DumpMinitool.exe
C:\Program Files\dotnet\sdk\6.0.201\Extensions\DumpMinitool.x86.exe
C:\Program Files\dotnet\sdk\6.0.201\Extensions\Microsoft.Diagnostics.NETCore.Client.dll
C:\Program Files\dotnet\sdk\6.0.201\Extensions\Microsoft.TestPlatform.Extensions.BlameDataCollector.dll
C:\Program Files\dotnet\sdk\6.0.201\Extensions\Microsoft.TestPlatform.Extensions.EventLogCollector.dll
C:\Program Files\dotnet\sdk\6.0.201\Extensions\Microsoft.TestPlatform.TestHostRuntimeProvider.dll
C:\Program Files\dotnet\sdk\6.0.201\Extensions\Microsoft.VisualStudio.TestPlatform.Extensions.Html.TestLogger.dll
C:\Program Files\dotnet\sdk\6.0.201\Extensions\Microsoft.VisualStudio.TestPlatform.Extensions.Trx.TestLogger.dll
TpTrace Verbose: 0 : 12196, 5, 2022/04/09, 20:27:05.465, 20561794203, vstest.console.dll, TestPluginCache.GetExtensionPaths: Added unfilterableExtensionPaths: 
TpTrace Verbose: 0 : 12196, 5, 2022/04/09, 20:27:05.469, 20561839716, vstest.console.dll, TestRequestSender.InitializeExecution: Sending initialize execution with message: {"Version":5,"MessageType":"TestExecution.Initialize","Payload":["C:\\Users\\USER\\Desktop\\SocialMedia1\\SocialMedia1\\SocialMedia1.Tests\\bin\\Debug\\net6.0\\fine-code-coverage\\build-output\\NUnit3.TestAdapter.dll"]}
TpTrace Warning: 0 : 12196, 5, 2022/04/09, 20:27:05.470, 20561845285, vstest.console.dll, InferRunSettingsHelper.MakeRunsettingsCompatible: Removing the following settings: TargetPlatform from RunSettings file. To use those settings please move to latest version of Microsoft.NET.Test.Sdk
TpTrace Verbose: 0 : 12196, 7, 2022/04/09, 20:27:05.478, 20561929550, vstest.console.dll, TcpClientExtensions.MessageLoopAsync: NotifyDataAvailable remoteEndPoint: 127.0.0.1:60078 localEndPoint: 127.0.0.1:60077
TpTrace Verbose: 0 : 12196, 7, 2022/04/09, 20:27:05.478, 20561931649, vstest.console.dll, TestRequestSender.OnExecutionMessageReceived: Received message: {"Version":5,"MessageType":"TestSession.Message","Payload":{"MessageLevel":0,"Message":"Logging TestHost Diagnostics in file: C:\\Users\\USER\\Desktop\\SocialMedia1\\SocialMedia1\\SocialMedia1.Tests\\bin\\Debug\\net6.0\\fine-code-coverage\\coverage-tool-output\\diagnostics.host.22-04-09_20-27-05_12072_5.log"}}
TpTrace Verbose: 0 : 12196, 7, 2022/04/09, 20:27:05.481, 20561956589, vstest.console.dll, TestRunRequest:SendTestRunMessage: Starting.
TpTrace Verbose: 0 : 12196, 5, 2022/04/09, 20:27:05.481, 20561958259, vstest.console.dll, TestRequestSender.StartTestRun: Sending test run with message: {"Version":5,"MessageType":"TestExecution.StartWithSources","Payload":{"AdapterSourceMap":{"_none_":["C:\\Users\\USER\\Desktop\\SocialMedia1\\SocialMedia1\\SocialMedia1.Tests\\bin\\Debug\\net6.0\\fine-code-coverage\\build-output\\SocialMedia1.Tests.dll"]},"RunSettings":"<RunSettings>\r\n  <RunConfiguration>\r\n    <ResultsDirectory>C:\\Users\\USER\\Desktop\\SocialMedia1\\SocialMedia1\\SocialMedia1.Tests\\bin\\Debug\\net6.0\\fine-code-coverage\\coverage-tool-output</ResultsDirectory>\r\n    <TargetFrameworkVersion>.NETCoreApp,Version=v6.0</TargetFrameworkVersion>\r\n    <DesignMode>False</DesignMode>\r\n    <CollectSourceInformation>False</CollectSourceInformation>\r\n  </RunConfiguration>\r\n  <LoggerRunSettings>\r\n    <Loggers>\r\n      <Logger friendlyName=\"blame\" enabled=\"True\" />\r\n      <Logger friendlyName=\"Console\" uri=\"logger://microsoft/TestPlatform/ConsoleLogger/v1\" assemblyQualifiedName=\"Microsoft.VisualStudio.TestPlatform.CommandLine.Internal.ConsoleLogger, vstest.console, Version=15.0.0.0, Culture=neutral, PublicKeyToken=b03f5f7f11d50a3a\" codeBase=\"C:\\Program Files\\dotnet\\sdk\\6.0.201\\vstest.console.dll\" enabled=\"True\" />\r\n    </Loggers>\r\n  </LoggerRunSettings>\r\n  <DataCollectionRunSettings>\r\n    <DataCollectors>\r\n      <DataCollector friendlyName=\"blame\" enabled=\"True\">\r\n        <Configuration>\r\n          <ResultsDirectory>C:\\Users\\USER\\Desktop\\SocialMedia1\\SocialMedia1\\SocialMedia1.Tests\\bin\\Debug\\net6.0\\fine-code-coverage\\coverage-tool-output</ResultsDirectory>\r\n        </Configuration>\r\n      </DataCollector>\r\n    </DataCollectors>\r\n  </DataCollectionRunSettings>\r\n</RunSettings>","TestExecutionContext":{"FrequencyOfRunStatsChangeEvent":10,"RunStatsChangeEventTimeout":"00:00:01.5000000","InIsolation":false,"KeepAlive":false,"AreTestCaseLevelEventsRequired":false,"IsDebug":false,"TestCaseFilter":null,"FilterOptions":null},"Package":null}}
TpTrace Information: 0 : 12196, 7, 2022/04/09, 20:27:05.481, 20561958531, vstest.console.dll, TestRunRequest:SendTestRunMessage: Completed.
TpTrace Verbose: 0 : 12196, 7, 2022/04/09, 20:27:05.481, 20561960029, vstest.console.dll, TcpClientExtensions.MessageLoopAsync: Polling on remoteEndPoint: 127.0.0.1:60078 localEndPoint: 127.0.0.1:60077
TpTrace Verbose: 0 : 12196, 7, 2022/04/09, 20:27:05.720, 20564346073, vstest.console.dll, TcpClientExtensions.MessageLoopAsync: NotifyDataAvailable remoteEndPoint: 127.0.0.1:60078 localEndPoint: 127.0.0.1:60077
TpTrace Verbose: 0 : 12196, 7, 2022/04/09, 20:27:05.720, 20564347896, vstest.console.dll, TestRequestSender.OnExecutionMessageReceived: Received message: {"Version":5,"MessageType":"TestSession.Message","Payload":{"MessageLevel":0,"Message":"NUnit Adapter 4.2.0.0: Test execution started"}}
TpTrace Verbose: 0 : 12196, 7, 2022/04/09, 20:27:05.720, 20564351751, vstest.console.dll, TestRunRequest:SendTestRunMessage: Starting.
TpTrace Information: 0 : 12196, 7, 2022/04/09, 20:27:05.720, 20564353159, vstest.console.dll, TestRunRequest:SendTestRunMessage: Completed.
TpTrace Verbose: 0 : 12196, 7, 2022/04/09, 20:27:05.721, 20564354452, vstest.console.dll, TcpClientExtensions.MessageLoopAsync: Polling on remoteEndPoint: 127.0.0.1:60078 localEndPoint: 127.0.0.1:60077
TpTrace Verbose: 0 : 12196, 7, 2022/04/09, 20:27:05.776, 20564912605, vstest.console.dll, TcpClientExtensions.MessageLoopAsync: NotifyDataAvailable remoteEndPoint: 127.0.0.1:60078 localEndPoint: 127.0.0.1:60077
TpTrace Verbose: 0 : 12196, 7, 2022/04/09, 20:27:05.777, 20564914496, vstest.console.dll, TestRequestSender.OnExecutionMessageReceived: Received message: {"Version":5,"MessageType":"TestSession.Message","Payload":{"MessageLevel":0,"Message":"Running all tests in C:\\Users\\USER\\Desktop\\SocialMedia1\\SocialMedia1\\SocialMedia1.Tests\\bin\\Debug\\net6.0\\fine-code-coverage\\build-output\\SocialMedia1.Tests.dll"}}
TpTrace Verbose: 0 : 12196, 7, 2022/04/09, 20:27:05.777, 20564917336, vstest.console.dll, TestRunRequest:SendTestRunMessage: Starting.
TpTrace Information: 0 : 12196, 7, 2022/04/09, 20:27:05.777, 20564918476, vstest.console.dll, TestRunRequest:SendTestRunMessage: Completed.
TpTrace Verbose: 0 : 12196, 7, 2022/04/09, 20:27:05.777, 20564919120, vstest.console.dll, TcpClientExtensions.MessageLoopAsync: Polling on remoteEndPoint: 127.0.0.1:60078 localEndPoint: 127.0.0.1:60077
TpTrace Verbose: 0 : 12196, 7, 2022/04/09, 20:27:06.410, 20571245096, vstest.console.dll, TcpClientExtensions.MessageLoopAsync: NotifyDataAvailable remoteEndPoint: 127.0.0.1:60078 localEndPoint: 127.0.0.1:60077
TpTrace Verbose: 0 : 12196, 7, 2022/04/09, 20:27:06.410, 20571247095, vstest.console.dll, TestRequestSender.OnExecutionMessageReceived: Received message: {"Version":5,"MessageType":"TestSession.Message","Payload":{"MessageLevel":0,"Message":"   NUnit3TestExecutor discovered 12 of 12 NUnit test cases using Current Discovery mode, Non-Explicit run"}}
TpTrace Verbose: 0 : 12196, 7, 2022/04/09, 20:27:06.410, 20571249127, vstest.console.dll, TestRunRequest:SendTestRunMessage: Starting.
TpTrace Information: 0 : 12196, 7, 2022/04/09, 20:27:06.410, 20571249851, vstest.console.dll, TestRunRequest:SendTestRunMessage: Completed.
TpTrace Verbose: 0 : 12196, 7, 2022/04/09, 20:27:06.410, 20571250387, vstest.console.dll, TcpClientExtensions.MessageLoopAsync: Polling on remoteEndPoint: 127.0.0.1:60078 localEndPoint: 127.0.0.1:60077
TpTrace Verbose: 0 : 12196, 7, 2022/04/09, 20:27:07.424, 20581385393, vstest.console.dll, TcpClientExtensions.MessageLoopAsync: Polling on remoteEndPoint: 127.0.0.1:60078 localEndPoint: 127.0.0.1:60077
TpTrace Verbose: 0 : 12196, 7, 2022/04/09, 20:27:07.991, 20587058963, vstest.console.dll, TcpClientExtensions.MessageLoopAsync: NotifyDataAvailable remoteEndPoint: 127.0.0.1:60078 localEndPoint: 127.0.0.1:60077
TpTrace Verbose: 0 : 12196, 7, 2022/04/09, 20:27:07.991, 20587063199, vstest.console.dll, TestRequestSender.OnExecutionMessageReceived: Received message: {"Version":5,"MessageType":"TestExecution.StatsChange","Payload":{"NewTestResults":[],"TestRunStatistics":{"ExecutedTests":0,"Stats":{}},"ActiveTests":[{"Id":"2d79750b-fc10-8a5e-180e-e95918e3d165","FullyQualifiedName":"SocialMedia1.Tests.UsersTests.AddUserProfileAsyncCreatesUserProfile","DisplayName":"AddUserProfileAsyncCreatesUserProfile","ExecutorUri":"executor://NUnit3TestExecutor","Source":"C:\\Users\\USER\\Desktop\\SocialMedia1\\SocialMedia1\\SocialMedia1.Tests\\bin\\Debug\\net6.0\\fine-code-coverage\\build-output\\SocialMedia1.Tests.dll","CodeFilePath":null,"LineNumber":0,"Properties":[{"Key":{"Id":"NUnit.Seed","Label":"Seed","Category":"","Description":"","Attributes":0,"ValueType":"System.String"},"Value":"1492372907"}]}]}}
TpTrace Verbose: 0 : 12196, 7, 2022/04/09, 20:27:08.022, 20587368643, vstest.console.dll, TestRunRequest:SendTestRunStatsChange: Starting.
TpTrace Verbose: 0 : 12196, 7, 2022/04/09, 20:27:08.022, 20587370820, vstest.console.dll, InProgress is AddUserProfileAsyncCreatesUserProfile
TpTrace Information: 0 : 12196, 7, 2022/04/09, 20:27:08.022, 20587372152, vstest.console.dll, TestRunRequest:SendTestRunStatsChange: Completed.
TpTrace Verbose: 0 : 12196, 7, 2022/04/09, 20:27:08.022, 20587372837, vstest.console.dll, TcpClientExtensions.MessageLoopAsync: Polling on remoteEndPoint: 127.0.0.1:60078 localEndPoint: 127.0.0.1:60077
TpTrace Verbose: 0 : 12196, 7, 2022/04/09, 20:27:08.477, 20591915099, vstest.console.dll, TcpClientExtensions.MessageLoopAsync: NotifyDataAvailable remoteEndPoint: 127.0.0.1:60078 localEndPoint: 127.0.0.1:60077
TpTrace Verbose: 0 : 12196, 7, 2022/04/09, 20:27:08.477, 20591919219, vstest.console.dll, TestRequestSender.OnExecutionMessageReceived: Received message: {"Version":5,"MessageType":"TestExecution.StatsChange","Payload":{"NewTestResults":[{"TestCase":{"Id":"2d79750b-fc10-8a5e-180e-e95918e3d165","FullyQualifiedName":"SocialMedia1.Tests.UsersTests.AddUserProfileAsyncCreatesUserProfile","DisplayName":"AddUserProfileAsyncCreatesUserProfile","ExecutorUri":"executor://NUnit3TestExecutor","Source":"C:\\Users\\USER\\Desktop\\SocialMedia1\\SocialMedia1\\SocialMedia1.Tests\\bin\\Debug\\net6.0\\fine-code-coverage\\build-output\\SocialMedia1.Tests.dll","CodeFilePath":null,"LineNumber":0,"Properties":[{"Key":{"Id":"NUnit.Seed","Label":"Seed","Category":"","Description":"","Attributes":0,"ValueType":"System.String"},"Value":"1492372907"}]},"Attachments":[],"Outcome":1,"ErrorMessage":null,"ErrorStackTrace":null,"DisplayName":"AddUserProfileAsyncCreatesUserProfile","Messages":[],"ComputerName":"USER-TOHB93H37D","Duration":"00:00:00.2625750","StartTime":"2022-04-09T17:27:07.9465275+00:00","EndTime":"2022-04-09T17:27:08.209017+00:00","Properties":[{"Key":{"Id":"NUnit.Seed","Label":"Seed","Category":"","Description":"","Attributes":0,"ValueType":"System.String"},"Value":"1492372907"}]},{"TestCase":{"Id":"927862b9-ad1d-e276-bb36-32cab2da374c","FullyQualifiedName":"SocialMedia1.Tests.UsersTests.AddUserProfileAsyncSetsCorrectNickname","DisplayName":"AddUserProfileAsyncSetsCorrectNickname","ExecutorUri":"executor://NUnit3TestExecutor","Source":"C:\\Users\\USER\\Desktop\\SocialMedia1\\SocialMedia1\\SocialMedia1.Tests\\bin\\Debug\\net6.0\\fine-code-coverage\\build-output\\SocialMedia1.Tests.dll","CodeFilePath":null,"LineNumber":0,"Properties":[{"Key":{"Id":"NUnit.Seed","Label":"Seed","Category":"","Description":"","Attributes":0,"ValueType":"System.String"},"Value":"354368567"}]},"Attachments":[],"Outcome":1,"ErrorMessage":null,"ErrorStackTrace":null,"DisplayName":"AddUserProfileAsyncSetsCorrectNickname","Messages":[],"ComputerName":"USER-TOHB93H37D","Duration":"00:00:00.0167650","StartTime":"2022-04-09T17:27:08.2117723+00:00","EndTime":"2022-04-09T17:27:08.2285367+00:00","Properties":[{"Key":{"Id":"NUnit.Seed","Label":"Seed","Category":"","Description":"","Attributes":0,"ValueType":"System.String"},"Value":"354368567"}]},{"TestCase":{"Id":"1dd93276-8cc9-7c34-10f5-148d6af7dda2","FullyQualifiedName":"SocialMedia1.Tests.UsersTests.EditUserProfileAsyncWorksCorrectly","DisplayName":"EditUserProfileAsyncWorksCorrectly","ExecutorUri":"executor://NUnit3TestExecutor","Source":"C:\\Users\\USER\\Desktop\\SocialMedia1\\SocialMedia1\\SocialMedia1.Tests\\bin\\Debug\\net6.0\\fine-code-coverage\\build-output\\SocialMedia1.Tests.dll","CodeFilePath":null,"LineNumber":0,"Properties":[{"Key":{"Id":"NUnit.Seed","Label":"Seed","Category":"","Description":"","Attributes":0,"ValueType":"System.String"},"Value":"261424967"}]},"Attachments":[],"Outcome":1,"ErrorMessage":null,"ErrorStackTrace":null,"DisplayName":"EditUserProfileAsyncWorksCorrectly","Messages":[],"ComputerName":"USER-TOHB93H37D","Duration":"00:00:00.0184510","StartTime":"2022-04-09T17:27:08.2298396+00:00","EndTime":"2022-04-09T17:27:08.2482908+00:00","Properties":[{"Key":{"Id":"NUnit.Seed","Label":"Seed","Category":"","Description":"","Attributes":0,"ValueType":"System.String"},"Value":"261424967"}]},{"TestCase":{"Id":"b9304598-dafe-46cf-33c7-81850dabd937","FullyQualifiedName":"SocialMedia1.Tests.UsersTests.GetAllFollowersConcatenatesFullName(\"fee859e9-7b26-4cf8-a3c5-7cea60c13101\",\"99c88001-1221-4ff7-a0e9-f5efac98fe9e\")","DisplayName":"GetAllFollowersConcatenatesFullName(\"fee859e9-7b26-4cf8-a3c5-7cea60c13101\",\"99c88001-1221-4ff7-a0e9-f5efac98fe9e\")","ExecutorUri":"executor://NUnit3TestExecutor","Source":"C:\\Users\\USER\\Desktop\\SocialMedia1\\SocialMedia1\\SocialMedia1.Tests\\bin\\Debug\\net6.0\\fine-code-coverage\\build-output\\SocialMedia1.Tests.dll","CodeFilePath":null,"LineNumber":0,"Properties":[{"Key":{"Id":"NUnit.Seed","Label":"Seed","Category":"","Description":"","Attributes":0,"ValueType":"System.String"},"Value":"692829638"}]},"Attachments":[],"Outcome":1,"ErrorMessage":null,"ErrorStackTrace":null,"DisplayName":"GetAllFollowersConcatenatesFullName(\"fee859e9-7b26-4cf8-a3c5-7cea60c13101\",\"99c88001-1221-4ff7-a0e9-f5efac98fe9e\")","Messages":[],"ComputerName":"USER-TOHB93H37D","Duration":"00:00:00.1016880","StartTime":"2022-04-09T17:27:08.2483552+00:00","EndTime":"2022-04-09T17:27:08.3500427+00:00","Properties":[{"Key":{"Id":"NUnit.Seed","Label":"Seed","Category":"","Description":"","Attributes":0,"ValueType":"System.String"},"Value":"692829638"}]},{"TestCase":{"Id":"c6c277db-333f-ada1-2733-e7ab325bec0e","FullyQualifiedName":"SocialMedia1.Tests.UsersTests.GetAllFollowersReturnsCorrectData(\"fee859e9-7b26-4cf8-a3c5-7cea60c13101\")","DisplayName":"GetAllFollowersReturnsCorrectData(\"fee859e9-7b26-4cf8-a3c5-7cea60c13101\")","ExecutorUri":"executor://NUnit3TestExecutor","Source":"C:\\Users\\USER\\Desktop\\SocialMedia1\\SocialMedia1\\SocialMedia1.Tests\\bin\\Debug\\net6.0\\fine-code-coverage\\build-output\\SocialMedia1.Tests.dll","CodeFilePath":null,"LineNumber":0,"Properties":[{"Key":{"Id":"NUnit.Seed","Label":"Seed","Category":"","Description":"","Attributes":0,"ValueType":"System.String"},"Value":"168376914"}]},"Attachments":[],"Outcome":1,"ErrorMessage":null,"ErrorStackTrace":null,"DisplayName":"GetAllFollowersReturnsCorrectData(\"fee859e9-7b26-4cf8-a3c5-7cea60c13101\")","Messages":[],"ComputerName":"USER-TOHB93H37D","Duration":"00:00:00.0038780","StartTime":"2022-04-09T17:27:08.3526638+00:00","EndTime":"2022-04-09T17:27:08.3565412+00:00","Properties":[{"Key":{"Id":"NUnit.Seed","Label":"Seed","Category":"","Description":"","Attributes":0,"ValueType":"System.String"},"Value":"168376914"}]},{"TestCase":{"Id":"474b2798-9070-da6e-572d-53dec082f36e","FullyQualifiedName":"SocialMedia1.Tests.UsersTests.GetAllFollowersReturnsCorrectData(\"71b0265a-1994-4b4a-a824-8a4401aae60e\")","DisplayName":"GetAllFollowersReturnsCorrectData(\"71b0265a-1994-4b4a-a824-8a4401aae60e\")","ExecutorUri":"executor://NUnit3TestExecutor","Source":"C:\\Users\\USER\\Desktop\\SocialMedia1\\SocialMedia1\\SocialMedia1.Tests\\bin\\Debug\\net6.0\\fine-code-coverage\\build-output\\SocialMedia1.Tests.dll","CodeFilePath":null,"LineNumber":0,"Properties":[{"Key":{"Id":"NUnit.Seed","Label":"Seed","Category":"","Description":"","Attributes":0,"ValueType":"System.String"},"Value":"2139425039"}]},"Attachments":[],"Outcome":1,"ErrorMessage":null,"ErrorStackTrace":null,"DisplayName":"GetAllFollowersReturnsCorrectData(\"71b0265a-1994-4b4a-a824-8a4401aae60e\")","Messages":[],"ComputerName":"USER-TOHB93H37D","Duration":"00:00:00.0004200","StartTime":"2022-04-09T17:27:08.3565734+00:00","EndTime":"2022-04-09T17:27:08.3569934+00:00","Properties":[{"Key":{"Id":"NUnit.Seed","Label":"Seed","Category":"","Description":"","Attributes":0,"ValueType":"System.String"},"Value":"2139425039"}]},{"TestCase":{"Id":"ecc03581-b28f-5c36-5497-8c933fe3f5bc","FullyQualifiedName":"SocialMedia1.Tests.UsersTests.GetAllFollowingAsyncReturnsCorrectData(\"fee859e9-7b26-4cf8-a3c5-7cea60c13101\")","DisplayName":"GetAllFollowingAsyncReturnsCorrectData(\"fee859e9-7b26-4cf8-a3c5-7cea60c13101\")","ExecutorUri":"executor://NUnit3TestExecutor","Source":"C:\\Users\\USER\\Desktop\\SocialMedia1\\SocialMedia1\\SocialMedia1.Tests\\bin\\Debug\\net6.0\\fine-code-coverage\\build-output\\SocialMedia1.Tests.dll","CodeFilePath":null,"LineNumber":0,"Properties":[{"Key":{"Id":"NUnit.Seed","Label":"Seed","Category":"","Description":"","Attributes":0,"ValueType":"System.String"},"Value":"43760333"}]},"Attachments":[],"Outcome":1,"ErrorMessage":null,"ErrorStackTrace":null,"DisplayName":"GetAllFollowingAsyncReturnsCorrectData(\"fee859e9-7b26-4cf8-a3c5-7cea60c13101\")","Messages":[],"ComputerName":"USER-TOHB93H37D","Duration":"00:00:00.0772169","StartTime":"2022-04-09T17:27:08.3570694+00:00","EndTime":"2022-04-09T17:27:08.4342857+00:00","Properties":[{"Key":{"Id":"NUnit.Seed","Label":"Seed","Category":"","Description":"","Attributes":0,"ValueType":"System.String"},"Value":"43760333"}]},{"TestCase":{"Id":"f07c905c-a93e-7c3f-96a1-c7aebfb8bb0f","FullyQualifiedName":"SocialMedia1.Tests.UsersTests.GetAllFollowingAsyncReturnsCorrectData(\"71b0265a-1994-4b4a-a824-8a4401aae60e\")","DisplayName":"GetAllFollowingAsyncReturnsCorrectData(\"71b0265a-1994-4b4a-a824-8a4401aae60e\")","ExecutorUri":"executor://NUnit3TestExecutor","Source":"C:\\Users\\USER\\Desktop\\SocialMedia1\\SocialMedia1\\SocialMedia1.Tests\\bin\\Debug\\net6.0\\fine-code-coverage\\build-output\\SocialMedia1.Tests.dll","CodeFilePath":null,"LineNumber":0,"Properties":[{"Key":{"Id":"NUnit.Seed","Label":"Seed","Category":"","Description":"","Attributes":0,"ValueType":"System.String"},"Value":"2004646916"}]},"Attachments":[],"Outcome":1,"ErrorMessage":null,"ErrorStackTrace":null,"DisplayName":"GetAllFollowingAsyncReturnsCorrectData(\"71b0265a-1994-4b4a-a824-8a4401aae60e\")","Messages":[],"ComputerName":"USER-TOHB93H37D","Duration":"00:00:00.0009770","StartTime":"2022-04-09T17:27:08.4343154+00:00","EndTime":"2022-04-09T17:27:08.4352925+00:00","Properties":[{"Key":{"Id":"NUnit.Seed","Label":"Seed","Category":"","Description":"","Attributes":0,"ValueType":"System.String"},"Value":"2004646916"}]},{"TestCase":{"Id":"f3031a0e-7a1c-1f43-1ba2-c482fed2f6bc","FullyQualifiedName":"SocialMedia1.Tests.UsersTests.GetAllFollowRequestsReturnsCorrectData(\"fee859e9-7b26-4cf8-a3c5-7cea60c13101\")","DisplayName":"GetAllFollowRequestsReturnsCorrectData(\"fee859e9-7b26-4cf8-a3c5-7cea60c13101\")","ExecutorUri":"executor://NUnit3TestExecutor","Source":"C:\\Users\\USER\\Desktop\\SocialMedia1\\SocialMedia1\\SocialMedia1.Tests\\bin\\Debug\\net6.0\\fine-code-coverage\\build-output\\SocialMedia1.Tests.dll","CodeFilePath":null,"LineNumber":0,"Properties":[{"Key":{"Id":"NUnit.Seed","Label":"Seed","Category":"","Description":"","Attributes":0,"ValueType":"System.String"},"Value":"243654994"}]},"Attachments":[],"Outcome":1,"ErrorMessage":null,"ErrorStackTrace":null,"DisplayName":"GetAllFollowRequestsReturnsCorrectData(\"fee859e9-7b26-4cf8-a3c5-7cea60c13101\")","Messages":[],"ComputerName":"USER-TOHB93H37D","Duration":"00:00:00.0292250","StartTime":"2022-04-09T17:27:08.4353584+00:00","EndTime":"2022-04-09T17:27:08.4645829+00:00","Properties":[{"Key":{"Id":"NUnit.Seed","Label":"Seed","Category":"","Description":"","Attributes":0,"ValueType":"System.String"},"Value":"243654994"}]}],"TestRunStatistics":{"ExecutedTests":9,"Stats":{"Passed":9}},"ActiveTests":[{"Id":"16888108-8d31-433a-32ad-862e12c7fa88","FullyQualifiedName":"SocialMedia1.Tests.UsersTests.GetAllFollowRequestsReturnsCorrectData(\"99c88001-1221-4ff7-a0e9-f5efac98fe9e\")","DisplayName":"GetAllFollowRequestsReturnsCorrectData(\"99c88001-1221-4ff7-a0e9-f5efac98fe9e\")","ExecutorUri":"executor://NUnit3TestExecutor","Source":"C:\\Users\\USER\\Desktop\\SocialMedia1\\SocialMedia1\\SocialMedia1.Tests\\bin\\Debug\\net6.0\\fine-code-coverage\\build-output\\SocialMedia1.Tests.dll","CodeFilePath":null,"LineNumber":0,"Properties":[{"Key":{"Id":"NUnit.Seed","Label":"Seed","Category":"","Description":"","Attributes":0,"ValueType":"System.String"},"Value":"2017621186"}]}]}}
TpTrace Verbose: 0 : 12196, 7, 2022/04/09, 20:27:08.494, 20592084784, vstest.console.dll, TestRunRequest:SendTestRunStatsChange: Starting.
TpTrace Verbose: 0 : 12196, 7, 2022/04/09, 20:27:08.494, 20592086095, vstest.console.dll, InProgress is GetAllFollowRequestsReturnsCorrectData("99c88001-1221-4ff7-a0e9-f5efac98fe9e")
TpTrace Information: 0 : 12196, 7, 2022/04/09, 20:27:08.494, 20592088280, vstest.console.dll, TestRunRequest:SendTestRunStatsChange: Completed.
TpTrace Verbose: 0 : 12196, 7, 2022/04/09, 20:27:08.494, 20592092447, vstest.console.dll, TcpClientExtensions.MessageLoopAsync: Polling on remoteEndPoint: 127.0.0.1:60078 localEndPoint: 127.0.0.1:60077
TpTrace Verbose: 0 : 12196, 7, 2022/04/09, 20:27:08.573, 20592873870, vstest.console.dll, TcpClientExtensions.MessageLoopAsync: NotifyDataAvailable remoteEndPoint: 127.0.0.1:60078 localEndPoint: 127.0.0.1:60077
TpTrace Verbose: 0 : 12196, 7, 2022/04/09, 20:27:08.573, 20592875494, vstest.console.dll, TestRequestSender.OnExecutionMessageReceived: Received message: {"Version":5,"MessageType":"TestSession.Message","Payload":{"MessageLevel":0,"Message":"NUnit Adapter 4.2.0.0: Test execution complete"}}
TpTrace Verbose: 0 : 12196, 7, 2022/04/09, 20:27:08.573, 20592877251, vstest.console.dll, TestRunRequest:SendTestRunMessage: Starting.
TpTrace Information: 0 : 12196, 7, 2022/04/09, 20:27:08.573, 20592878405, vstest.console.dll, TestRunRequest:SendTestRunMessage: Completed.
TpTrace Verbose: 0 : 12196, 7, 2022/04/09, 20:27:08.573, 20592879277, vstest.console.dll, TcpClientExtensions.MessageLoopAsync: Polling on remoteEndPoint: 127.0.0.1:60078 localEndPoint: 127.0.0.1:60077
TpTrace Verbose: 0 : 12196, 7, 2022/04/09, 20:27:08.591, 20593057664, vstest.console.dll, TcpClientExtensions.MessageLoopAsync: NotifyDataAvailable remoteEndPoint: 127.0.0.1:60078 localEndPoint: 127.0.0.1:60077
TpTrace Verbose: 0 : 12196, 7, 2022/04/09, 20:27:08.591, 20593059496, vstest.console.dll, TestRequestSender.OnExecutionMessageReceived: Received message: {"Version":5,"MessageType":"TestExecution.Completed","Payload":{"TestRunCompleteArgs":{"TestRunStatistics":{"ExecutedTests":12,"Stats":{"Passed":11,"Failed":1}},"IsCanceled":false,"IsAborted":false,"Error":null,"AttachmentSets":[],"ElapsedTimeInRunningTests":"00:00:02.8934094","Metrics":{}},"LastRunTests":{"NewTestResults":[{"TestCase":{"Id":"16888108-8d31-433a-32ad-862e12c7fa88","FullyQualifiedName":"SocialMedia1.Tests.UsersTests.GetAllFollowRequestsReturnsCorrectData(\"99c88001-1221-4ff7-a0e9-f5efac98fe9e\")","DisplayName":"GetAllFollowRequestsReturnsCorrectData(\"99c88001-1221-4ff7-a0e9-f5efac98fe9e\")","ExecutorUri":"executor://NUnit3TestExecutor","Source":"C:\\Users\\USER\\Desktop\\SocialMedia1\\SocialMedia1\\SocialMedia1.Tests\\bin\\Debug\\net6.0\\fine-code-coverage\\build-output\\SocialMedia1.Tests.dll","CodeFilePath":null,"LineNumber":0,"Properties":[{"Key":{"Id":"NUnit.Seed","Label":"Seed","Category":"","Description":"","Attributes":0,"ValueType":"System.String"},"Value":"2017621186"}]},"Attachments":[],"Outcome":1,"ErrorMessage":null,"ErrorStackTrace":null,"DisplayName":"GetAllFollowRequestsReturnsCorrectData(\"99c88001-1221-4ff7-a0e9-f5efac98fe9e\")","Messages":[],"ComputerName":"USER-TOHB93H37D","Duration":"00:00:00.0004960","StartTime":"2022-04-09T17:27:08.4646351+00:00","EndTime":"2022-04-09T17:27:08.4651306+00:00","Properties":[{"Key":{"Id":"NUnit.Seed","Label":"Seed","Category":"","Description":"","Attributes":0,"ValueType":"System.String"},"Value":"2017621186"}]},{"TestCase":{"Id":"75f771c4-0bcd-8b0e-c1c4-400f4a9edf24","FullyQualifiedName":"SocialMedia1.Tests.UsersTests.GetUserProfileDataAsyncReturnsCorrectUser","DisplayName":"GetUserProfileDataAsyncReturnsCorrectUser","ExecutorUri":"executor://NUnit3TestExecutor","Source":"C:\\Users\\USER\\Desktop\\SocialMedia1\\SocialMedia1\\SocialMedia1.Tests\\bin\\Debug\\net6.0\\fine-code-coverage\\build-output\\SocialMedia1.Tests.dll","CodeFilePath":null,"LineNumber":0,"Properties":[{"Key":{"Id":"NUnit.Seed","Label":"Seed","Category":"","Description":"","Attributes":0,"ValueType":"System.String"},"Value":"1254228218"}]},"Attachments":[],"Outcome":2,"ErrorMessage":"  Expected string length 4 but was 16. Strings differ at index 0.\r\n  Expected: \"dani\"\r\n  But was:  \"changed nickname\"\r\n  -----------^\r\n","ErrorStackTrace":"   at SocialMedia1.Tests.UsersTests.GetUserProfileDataAsyncReturnsCorrectUser() in C:\\Users\\USER\\Desktop\\SocialMedia1\\SocialMedia1\\SocialMedia1.Tests\\UsersTests.cs:line 76\r\n","DisplayName":"GetUserProfileDataAsyncReturnsCorrectUser","Messages":[],"ComputerName":"USER-TOHB93H37D","Duration":"00:00:00.0975250","StartTime":"2022-04-09T17:27:08.4651726+00:00","EndTime":"2022-04-09T17:27:08.562697+00:00","Properties":[{"Key":{"Id":"NUnit.Seed","Label":"Seed","Category":"","Description":"","Attributes":0,"ValueType":"System.String"},"Value":"1254228218"}]},{"TestCase":{"Id":"c98911c7-8aed-a3d7-e29f-fb07f54e4c65","FullyQualifiedName":"SocialMedia1.Tests.UsersTests.GetUserProfileDataAsyncReturnsNullIfUserNotFound","DisplayName":"GetUserProfileDataAsyncReturnsNullIfUserNotFound","ExecutorUri":"executor://NUnit3TestExecutor","Source":"C:\\Users\\USER\\Desktop\\SocialMedia1\\SocialMedia1\\SocialMedia1.Tests\\bin\\Debug\\net6.0\\fine-code-coverage\\build-output\\SocialMedia1.Tests.dll","CodeFilePath":null,"LineNumber":0,"Properties":[{"Key":{"Id":"NUnit.Seed","Label":"Seed","Category":"","Description":"","Attributes":0,"ValueType":"System.String"},"Value":"291587654"}]},"Attachments":[],"Outcome":1,"ErrorMessage":null,"ErrorStackTrace":null,"DisplayName":"GetUserProfileDataAsyncReturnsNullIfUserNotFound","Messages":[],"ComputerName":"USER-TOHB93H37D","Duration":"00:00:00.0006320","StartTime":"2022-04-09T17:27:08.5628548+00:00","EndTime":"2022-04-09T17:27:08.5634868+00:00","Properties":[{"Key":{"Id":"NUnit.Seed","Label":"Seed","Category":"","Description":"","Attributes":0,"ValueType":"System.String"},"Value":"291587654"}]}],"TestRunStatistics":{"ExecutedTests":12,"Stats":{"Passed":11,"Failed":1}},"ActiveTests":[]},"RunAttachments":[],"ExecutorUris":["executor://nunit3testexecutor/"]}}
TpTrace Verbose: 0 : 12196, 7, 2022/04/09, 20:27:08.591, 20593063000, vstest.console.dll, TestRequestSender.EndSession: Sending end session.
TpTrace Verbose: 0 : 12196, 7, 2022/04/09, 20:27:08.592, 20593064743, vstest.console.dll, ProxyOperationManager.Close: waiting for test host to exit for 100 ms
TpTrace Warning: 0 : 12196, 11, 2022/04/09, 20:27:08.609, 20593238825, vstest.console.dll, TestHostManagerCallbacks.ErrorReceivedCallback Test host standard error line: 
TpTrace Verbose: 0 : 12196, 8, 2022/04/09, 20:27:08.623, 20593381261, vstest.console.dll, TestHostProvider.ExitCallBack: Host exited starting callback.
TpTrace Information: 0 : 12196, 8, 2022/04/09, 20:27:08.624, 20593388937, vstest.console.dll, TestHostManagerCallbacks.ExitCallBack: Testhost processId: 13500 exited with exitcode: 0 error: ''
TpTrace Verbose: 0 : 12196, 8, 2022/04/09, 20:27:08.624, 20593390029, vstest.console.dll, DotnetTestHostManager.OnHostExited: invoking OnHostExited callback
TpTrace Verbose: 0 : 12196, 8, 2022/04/09, 20:27:08.624, 20593390900, vstest.console.dll, CrossPlatEngine.TestHostManagerHostExited: calling on client process exit callback.
TpTrace Information: 0 : 12196, 8, 2022/04/09, 20:27:08.624, 20593391736, vstest.console.dll, TestRequestSender.OnClientProcessExit: Test host process exited. Standard error: 
TpTrace Information: 0 : 12196, 7, 2022/04/09, 20:27:08.624, 20593392038, vstest.console.dll, SocketServer.Stop: Stop server endPoint: 127.0.0.1:60077
TpTrace Information: 0 : 12196, 8, 2022/04/09, 20:27:08.624, 20593392440, vstest.console.dll, SocketServer.Stop: Stop server endPoint: 127.0.0.1:60077
TpTrace Information: 0 : 12196, 7, 2022/04/09, 20:27:08.624, 20593392980, vstest.console.dll, SocketServer.Stop: Cancellation requested. Stopping message loop.
TpTrace Information: 0 : 12196, 8, 2022/04/09, 20:27:08.625, 20593393719, vstest.console.dll, SocketServer.Stop: Cancellation requested. Stopping message loop.
TpTrace Information: 0 : 12196, 7, 2022/04/09, 20:27:08.625, 20593395389, vstest.console.dll, Closing the connection
TpTrace Warning: 0 : 12196, 7, 2022/04/09, 20:27:08.625, 20593396030, vstest.console.dll, ProxyOperationManager: Timed out waiting for test host to exit. Will terminate process.
TpTrace Verbose: 0 : 12196, 7, 2022/04/09, 20:27:08.625, 20593402251, vstest.console.dll, ProxyDataCollectionManager.InvokeDataCollectionServiceAction: Starting.
TpTrace Information: 0 : 12196, 7, 2022/04/09, 20:27:08.625, 20593403126, vstest.console.dll, ProxyDataCollectionManager.AfterTestRunEnd: Get attachment set for datacollector processId: 4212 port: 60074
TpTrace Verbose: 0 : 12196, 7, 2022/04/09, 20:27:08.626, 20593403829, vstest.console.dll, DataCollectionRequestSender.SendAfterTestRunStartAndGetResult : Send AfterTestRunEnd message with isCancelled: False
TpTrace Verbose: 0 : 12196, 7, 2022/04/09, 20:27:08.631, 20593461245, vstest.console.dll, DataCollectionRequestSender.SendAfterTestRunStartAndGetResult : Received message: (DataCollection.AfterTestRunEndResult) -> {
  "AttachmentSets": [],
  "Metrics": {}
}
TpTrace Information: 0 : 12196, 7, 2022/04/09, 20:27:08.635, 20593493745, vstest.console.dll, ProxyDataCollectionManager.InvokeDataCollectionServiceAction: Completed.
TpTrace Warning: 0 : 12196, 10, 2022/04/09, 20:27:08.637, 20593518415, vstest.console.dll, DataCollectionLauncher.ErrorReceivedCallback datacollector standard error line: 
TpTrace Information: 0 : 12196, 8, 2022/04/09, 20:27:08.646, 20593608868, vstest.console.dll, DataCollectionLauncher.ExitCallBack: Data collector exited with exitcode: 0 error: ''
TpTrace Verbose: 0 : 12196, 7, 2022/04/09, 20:27:08.665, 20593800209, vstest.console.dll, TestRunRequest:SendTestRunStatsChange: Starting.
TpTrace Information: 0 : 12196, 7, 2022/04/09, 20:27:08.665, 20593801917, vstest.console.dll, TestRunRequest:SendTestRunStatsChange: Completed.
TpTrace Verbose: 0 : 12196, 7, 2022/04/09, 20:27:08.666, 20593804715, vstest.console.dll, ParallelProxyExecutionManager: HandlePartialRunComplete: Total completed clients = 1, Run complete = True, Run canceled: False.
TpTrace Verbose: 0 : 12196, 7, 2022/04/09, 20:27:08.690, 20594043564, vstest.console.dll, TestRunRequest:TestRunComplete: Starting. IsAborted:False IsCanceled:False.
TpTrace Verbose: 0 : 12196, 7, 2022/04/09, 20:27:08.690, 20594045734, vstest.console.dll, TestLoggerManager.HandleTestRunComplete: Ignoring as the object is disposed.
TpTrace Information: 0 : 12196, 7, 2022/04/09, 20:27:08.690, 20594049341, vstest.console.dll, TestRunRequest:TestRunComplete: Completed.
TpTrace Verbose: 0 : 12196, 1, 2022/04/09, 20:27:08.690, 20594049376, vstest.console.dll, TestRunRequest.Dispose: Starting.
TpTrace Verbose: 0 : 12196, 7, 2022/04/09, 20:27:08.690, 20594050165, vstest.console.dll, TestRequestSender.SetOperationComplete: Setting operation complete.
TpTrace Information: 0 : 12196, 1, 2022/04/09, 20:27:08.690, 20594050891, vstest.console.dll, TestRunRequest.Dispose: Completed.
TpTrace Information: 0 : 12196, 7, 2022/04/09, 20:27:08.690, 20594051276, vstest.console.dll, SocketServer.Stop: Stop server endPoint: 127.0.0.1:60077
TpTrace Information: 0 : 12196, 1, 2022/04/09, 20:27:08.690, 20594052281, vstest.console.dll, TestRequestManager.RunTests: run tests completed.
TpTrace Information: 0 : 12196, 7, 2022/04/09, 20:27:08.690, 20594052994, vstest.console.dll, SocketServer.Stop: Cancellation requested. Stopping message loop.
TpTrace Information: 0 : 12196, 1, 2022/04/09, 20:27:08.690, 20594053493, vstest.console.dll, RunTestsArgumentProcessor:Execute: Test run is completed.
TpTrace Information: 0 : 12196, 7, 2022/04/09, 20:27:08.691, 20594053601, vstest.console.dll, SocketServer.PrivateStop: Stopping server endPoint: 127.0.0.1:60077 error: 
TpTrace Verbose: 0 : 12196, 1, 2022/04/09, 20:27:08.691, 20594055903, vstest.console.dll, Executor.Execute: Exiting with exit code of 1
TpTrace Verbose: 0 : 12196, 7, 2022/04/09, 20:27:08.691, 20594059035, vstest.console.dll, LengthPrefixCommunicationChannel.Dispose: Dispose reader and writer.
TpTrace Information: 0 : 12196, 7, 2022/04/09, 20:27:08.691, 20594059976, vstest.console.dll, SocketServer.Stop: Raise disconnected event endPoint: 127.0.0.1:60077 error: 
